<?xml version="1.0" encoding="utf-8"?><testsuites name="pytest tests"><testsuite name="pytest" errors="0" failures="0" skipped="0" tests="6" time="4.801" timestamp="2026-05-05T14:07:25.287979-07:00" hostname="Bryans-MacBook-Pro-2.local"><testcase classname="tests.architect.test_autonomous_architect" name="test_cli_auto_t1_runs_in_temp_repo" time="1.184" /><testcase classname="tests.test_context_attentional_gate" name="test_estimate_tokens_reasonable" time="0.135" /><testcase classname="tests.test_context_attentional_gate" name="test_compact_truncates" time="0.033" /><testcase classname="tests.test_hierarchical_phi" name="test_compute_under_time_budget" time="1.922" /><testcase classname="tests.test_launcher_polish_contract" name="test_launcher_cleanup_shim_exists_at_repo_root" time="0.008" /><testcase classname="tests.test_volition" name="test_check_soul_drives_connection" time="0.200" /></testsuite></testsuites>