<?xml version="1.0" encoding="utf-8"?><testsuites name="pytest tests"><testsuite name="pytest" errors="0" failures="0" skipped="0" tests="13" time="14.385" timestamp="2026-05-05T14:07:04.245802-07:00" hostname="Bryans-MacBook-Pro-2.local"><testcase classname="tests.test_hierarchical_phi" name="test_construction_and_config" time="0.039" /><testcase classname="tests.test_hierarchical_phi" name="test_record_snapshot_growth" time="0.039" /><testcase classname="tests.test_hierarchical_phi" name="test_compute_returns_none_without_history" time="0.009" /><testcase classname="tests.test_hierarchical_phi" name="test_compute_returns_cached_result_while_refresh_is_in_flight" time="0.858" /><testcase classname="tests.test_hierarchical_phi" name="test_compute_primary_32_reaches_positive_phi" time="0.835" /><testcase classname="tests.test_hierarchical_phi" name="test_null_hypothesis_shuffled_history_phi_is_small" time="1.528" /><testcase classname="tests.test_hierarchical_phi" name="test_well_calibrated_flag" time="1.130" /><testcase classname="tests.test_hierarchical_phi" name="test_multiple_subsystems_evaluated" time="1.113" /><testcase classname="tests.test_hierarchical_phi" name="test_exclusion_picks_max_phi_complex" time="1.092" /><testcase classname="tests.test_hierarchical_phi" name="test_monotonicity_stronger_coupling_raises_phi" time="2.281" /><testcase classname="tests.test_hierarchical_phi" name="test_constant_nodes_do_not_fake_integration" time="1.186" /><testcase classname="tests.test_hierarchical_phi" name="test_compute_under_time_budget" time="2.102" /><testcase classname="tests.test_hierarchical_phi" name="test_serialization_roundtrip_to_dict" time="0.852" /></testsuite></testsuites>