<?xml version="1.0" encoding="utf-8"?><testsuites name="pytest tests"><testsuite name="pytest" errors="0" failures="0" skipped="8" tests="4390" time="415.372" timestamp="2026-05-05T20:51:30.540580-07:00" hostname="Bryans-MacBook-Pro-2.local"><testcase classname="tests.architect.test_autonomous_architect" name="test_code_graph_builds_basic_repo" time="0.012" /><testcase classname="tests.architect.test_autonomous_architect" name="test_code_graph_detects_imports_classes_functions_async" time="0.009" /><testcase classname="tests.architect.test_autonomous_architect" name="test_code_graph_detects_service_container_patterns" time="0.008" /><testcase classname="tests.architect.test_autonomous_architect" name="test_code_graph_detects_event_bus_patterns_if_present" time="0.008" /><testcase classname="tests.architect.test_autonomous_architect" name="test_semantic_classifier_marks_authority_memory_state_llm_surfaces" time="0.004" /><testcase classname="tests.architect.test_autonomous_architect" name="test_mutation_classifier_uses_highest_risk_surface" time="0.005" /><testcase classname="tests.architect.test_autonomous_architect" name="test_t4_t5_are_proposal_only" time="0.005" /><testcase classname="tests.architect.test_autonomous_architect" name="test_smell_detector_detects_god_file" time="0.005" /><testcase classname="tests.architect.test_autonomous_architect" name="test_smell_detector_detects_broad_exception_cluster" time="0.008" /><testcase classname="tests.architect.test_autonomous_architect" name="test_smell_detector_detects_authority_bypass_pattern" time="0.008" /><testcase classname="tests.architect.test_autonomous_architect" name="test_smell_detector_detects_state_write_bypass_pattern" time="0.008" /><testcase classname="tests.architect.test_autonomous_architect" name="test_duplicate_responsibility_detector_finds_similar_functions" time="0.008" /><testcase classname="tests.architect.test_autonomous_architect" name="test_refactor_plan_has_steps_invariants_rollback" time="0.009" /><testcase classname="tests.architect.test_autonomous_architect" name="test_shadow_workspace_does_not_modify_live_repo" time="0.012" /><testcase classname="tests.architect.test_autonomous_architect" name="test_ghost_boot_fails_closed_on_unavailable_boot" time="0.209" /><testcase classname="tests.architect.test_autonomous_architect" name="test_default_safe_boot_harness_runs_in_aura_repo" time="0.487" /><testcase classname="tests.architect.test_autonomous_architect" name="test_ghost_boot_succeeds_on_safe_import_smoke" time="0.212" /><testcase classname="tests.architect.test_autonomous_architect" name="test_behavior_fingerprint_compares_before_after" time="0.008" /><testcase classname="tests.architect.test_autonomous_architect" name="test_semantic_oracle_rejects_t2_public_api_removal" time="0.006" /><testcase classname="tests.architect.test_autonomous_architect" name="test_runtime_receipt_ingestion_from_live_receipt_envelope" time="0.006" /><testcase classname="tests.architect.test_autonomous_architect" name="test_coverage_backed_dead_code_telemetry_suppresses_dead_symbol" time="0.006" /><testcase classname="tests.architect.test_autonomous_architect" name="test_boot_audit_writes_high_risk_t4_proposals" time="0.010" /><testcase classname="tests.architect.test_autonomous_architect" name="test_proof_obligation_rejects_missing_rollback" time="0.219" /><testcase classname="tests.architect.test_autonomous_architect" name="test_proof_obligation_rejects_sealed_edit" time="0.046" /><testcase classname="tests.architect.test_autonomous_architect" name="test_rollback_packet_restores_original_content" time="0.015" /><testcase classname="tests.architect.test_autonomous_architect" name="test_promotion_governor_rejects_failed_proof" time="0.012" /><testcase classname="tests.architect.test_autonomous_architect" name="test_promotion_governor_promotes_t0_t1_when_all_proofs_pass" time="0.215" /><testcase classname="tests.architect.test_autonomous_architect" name="test_post_promotion_monitor_triggers_rollback_on_regression" time="0.225" /><testcase classname="tests.architect.test_autonomous_architect" name="test_cli_audit_runs" time="0.090" /><testcase classname="tests.architect.test_autonomous_architect" name="test_cli_auto_t1_runs_in_temp_repo" time="0.542" /><testcase classname="tests.architect.test_autonomous_architect" name="test_no_broad_exception_swallowing_in_architect_core" time="0.033" /><testcase classname="tests.architect.test_autonomous_architect" name="test_no_stub_notimplemented_in_architect_core" time="0.034" /><testcase classname="tests.architect.test_autonomous_architect" name="test_quarantine_manifest_roundtrip" time="0.006" /><testcase classname="tests.architect.test_autonomous_architect" name="test_architecture_graph_persistence_roundtrip" time="0.010" /><testcase classname="tests.architect.test_autonomous_architect" name="test_proof_receipt_is_hash_stable" time="0.004" /><testcase classname="tests.architect.test_autonomous_architect" name="test_unused_import_cleanup_preserves_used_import" time="0.005" /><testcase classname="tests.architect.test_autonomous_architect" name="test_plan_serialization_roundtrip" time="0.010" /><testcase classname="tests.architecture.action_gateway.test_action_gateway" name="test_gateway_blocks_empty_unknown_and_modal_actions" time="0.004" /><testcase classname="tests.architecture.action_gateway.test_action_gateway" name="test_gateway_blocks_uncertain_irreversible_and_repeated_failures" time="0.004" /><testcase classname="tests.architecture.action_gateway.test_action_gateway" name="test_gateway_uses_simulator_worst_case_risk" time="0.004" /><testcase classname="tests.architecture.belief.test_belief_homeostasis" name="test_belief_graph_preserves_unobserved_and_decays_confidence" time="0.005" /><testcase classname="tests.architecture.belief.test_belief_homeostasis" name="test_belief_graph_records_edges_frontiers_hazards_and_blocked_edges" time="0.005" /><testcase classname="tests.architecture.belief.test_belief_homeostasis" name="test_homeostasis_critical_resource_raises_stabilization" time="0.005" /><testcase classname="tests.architecture.benchmarks.test_curriculum_proof_pack_ablations" name="test_curriculum_task_schema_and_stage_gate" time="0.004" /><testcase classname="tests.architecture.benchmarks.test_curriculum_proof_pack_ablations" name="test_proof_pack_schema_multiple_environment_families" time="0.005" /><testcase classname="tests.architecture.benchmarks.test_curriculum_proof_pack_ablations" name="test_ablation_config_schema_and_dry_run_gate" time="0.004" /><testcase classname="tests.architecture.benchmarks.test_environment_kernel" name="test_environment_kernel_observe_gate_act_trace_replay" time="0.009" /><testcase classname="tests.architecture.command.test_command_compiler" name="test_no_raw_action_string_executes_through_compiler" time="0.004" /><testcase classname="tests.architecture.command.test_command_compiler" name="test_multistep_extended_command_and_modal_contract" time="0.004" /><testcase classname="tests.architecture.command.test_command_compiler" name="test_irreversible_command_requires_authority_flag" time="0.004" /><testcase classname="tests.architecture.command.test_command_compiler" name="test_unknown_intent_rejected" time="0.004" /><testcase classname="tests.architecture.contracts.test_environment_adapter_contract" name="test_adapter_declares_environment_id_and_capabilities" time="0.004" /><testcase classname="tests.architecture.contracts.test_environment_adapter_contract" name="test_adapter_execute_accepts_only_command_spec" time="0.004" /><testcase classname="tests.architecture.contracts.test_environment_adapter_contract" name="test_adapter_start_observe_execute_close_contract" time="0.005" /><testcase classname="tests.architecture.contracts.test_environment_adapter_contract" name="test_command_spec_validation_blocks_missing_fields" time="0.004" /><testcase classname="tests.architecture.generalization.test_generalization_checker" name="test_feature_has_generalization_claim_and_cross_environment_test" time="0.004" /><testcase classname="tests.architecture.generalization.test_generalization_checker" name="test_environment_specific_logic_not_in_core_kernel_claim" time="0.004" /><testcase classname="tests.architecture.governance.test_no_bypass" name="test_no_raw_environment_effects_outside_terminal_adapter" time="0.007" /><testcase classname="tests.architecture.governance.test_will_authority_chain" name="test_will_client_uses_correct_unified_will_signature" time="0.004" /><testcase classname="tests.architecture.governance.test_will_authority_chain" name="test_agency_orchestrator_authorize_gets_will_decision" time="0.006" /><testcase classname="tests.architecture.learning.test_learning_components" name="test_procedural_memory_requires_valid_trace_and_retrieves_similar_context" time="0.004" /><testcase classname="tests.architecture.learning.test_learning_components" name="test_macro_induction_requires_repeated_successful_sequence" time="0.004" /><testcase classname="tests.architecture.learning.test_learning_components" name="test_knowledge_grounding_and_context_retrieval" time="0.004" /><testcase classname="tests.architecture.modal.test_modal_manager" name="test_modal_state_blocks_normal_policy_and_resolves_safe_default" time="0.004" /><testcase classname="tests.architecture.modal.test_modal_manager" name="test_unknown_modal_degrades_closed" time="0.004" /><testcase classname="tests.architecture.outcome.test_failure_postmortem" name="test_failure_taxonomy_contains_required_classes" time="0.004" /><testcase classname="tests.architecture.outcome.test_outcome_attribution" name="test_success_without_visible_progress_for_information_gain" time="0.004" /><testcase classname="tests.architecture.outcome.test_outcome_attribution" name="test_visible_change_not_automatically_success_when_harmful" time="0.005" /><testcase classname="tests.architecture.outcome.test_outcome_attribution" name="test_prediction_surprise_creates_lesson" time="0.005" /><testcase classname="tests.architecture.perception.test_observation_state_ontology" name="test_observation_has_required_fields_and_stable_hash" time="0.005" /><testcase classname="tests.architecture.perception.test_observation_state_ontology" name="test_state_compiler_handles_empty_partial_and_garbled_observation" time="0.005" /><testcase classname="tests.architecture.perception.test_observation_state_ontology" name="test_ontology_records_have_confidence_and_evidence" time="0.004" /><testcase classname="tests.architecture.planning.test_affordances" name="test_affordance_schema_and_bounded_generalization_fields" time="0.004" /><testcase classname="tests.architecture.planning.test_planning_components" name="test_option_policy_schema_and_failure_suppression" time="0.004" /><testcase classname="tests.architecture.planning.test_planning_components" name="test_attention_scheduler_prioritizes_modal_crisis_over_progress" time="0.004" /><testcase classname="tests.architecture.planning.test_planning_components" name="test_episode_phase_transitions" time="0.004" /><testcase classname="tests.architecture.preflight.test_compile_and_imports" name="test_repo_compileall_clean" time="0.054" /><testcase classname="tests.architecture.preflight.test_compile_and_imports" name="test_core_environment_imports_no_side_effects" time="0.004" /><testcase classname="tests.architecture.preflight.test_compile_and_imports" name="test_no_direct_effectful_import_side_effects_in_new_environment_layer" time="0.029" /><testcase classname="tests.architecture.resilience.test_resilience_components" name="test_crisis_forces_allowed_options_and_blocks_progress" time="0.004" /><testcase classname="tests.architecture.resilience.test_resilience_components" name="test_action_budget_enforces_repeated_failures_and_irreversible_limits" time="0.004" /><testcase classname="tests.architecture.resilience.test_resilience_components" name="test_model_tier_router_escalates_high_risk" time="0.004" /><testcase classname="tests.architecture.simulation.test_simulation_prediction" name="test_simulator_reports_uncertainty_risk_and_information_gain" time="0.004" /><testcase classname="tests.architecture.simulation.test_simulation_prediction" name="test_prediction_error_updates_missing_and_unexpected_events" time="0.004" /><testcase classname="tests.architecture.trace.test_blackbox_trace_replay" name="test_trace_row_schema_hash_chain_and_replay" time="0.006" /><testcase classname="tests.architecture.trace.test_blackbox_trace_replay" name="test_replay_detects_corrupt_rows" time="0.005" /><testcase classname="tests.belief_court.test_belief_court" name="test_provenance_tags_distinguish_source_types" time="0.004" /><testcase classname="tests.belief_court.test_belief_court" name="test_recall_annotation_grows_recall_list" time="0.004" /><testcase classname="tests.belief_court.test_belief_court" name="test_review_mark_updates_timestamp" time="0.004" /><testcase classname="tests.belief_court.test_belief_court" name="test_unwrap_handles_legacy_records" time="0.004" /><testcase classname="tests.chaos_test" name="test_dlq_resilience" time="0.006" /><testcase classname="tests.chaos_test" name="test_audit_immutability" time="0.005" /><testcase classname="tests.chaos_test" name="test_llm_guards" time="0.005" /><testcase classname="tests.chaos_test" name="test_metrics_collection" time="0.107" /><testcase classname="tests.environment.final_blockers.test_benchmark_integrity_modes.TestBenchmarkIntegrity" name="test_simulated_canary_result_not_scored_as_real" time="0.005" /><testcase classname="tests.environment.final_blockers.test_benchmark_integrity_modes.TestBenchmarkIntegrity" name="test_fixture_replay_not_counted_as_live" time="0.005" /><testcase classname="tests.environment.final_blockers.test_benchmark_integrity_modes.TestBenchmarkIntegrity" name="test_contaminated_run_excluded_from_real" time="0.005" /><testcase classname="tests.environment.final_blockers.test_benchmark_integrity_modes.TestBenchmarkIntegrity" name="test_clean_strict_real_counted" time="0.005" /><testcase classname="tests.environment.final_blockers.test_benchmark_integrity_modes.TestBenchmarkIntegrity" name="test_ablation_results_tracked_separately" time="0.005" /><testcase classname="tests.environment.final_blockers.test_benchmark_integrity_modes.TestBenchmarkIntegrity" name="test_deep_run_claim_fails_without_strict_real" time="0.004" /><testcase classname="tests.environment.final_blockers.test_benchmark_integrity_modes.TestBoundaryEnforcement" name="test_save_file_access_blocked" time="0.005" /><testcase classname="tests.environment.final_blockers.test_benchmark_integrity_modes.TestBoundaryEnforcement" name="test_oracle_observation_metadata_blocked" time="0.004" /><testcase classname="tests.environment.final_blockers.test_benchmark_integrity_modes.TestBoundaryEnforcement" name="test_clean_observation_metadata_allowed" time="0.005" /><testcase classname="tests.environment.final_blockers.test_benchmark_integrity_modes.TestBoundaryEnforcement" name="test_process_memory_access_blocked" time="0.005" /><testcase classname="tests.environment.final_blockers.test_benchmark_integrity_modes.TestBoundaryEnforcement" name="test_eval_trace_leakage_blocked" time="0.004" /><testcase classname="tests.environment.final_blockers.test_benchmark_integrity_modes.TestBoundaryEnforcement" name="test_train_trace_access_allowed" time="0.004" /><testcase classname="tests.environment.final_blockers.test_benchmark_integrity_modes.TestBoundaryEnforcement" name="test_integrity_report_reflects_violations" time="0.005" /><testcase classname="tests.environment.final_blockers.test_benchmark_integrity_modes.TestBoundaryEnforcement" name="test_strict_real_enforcement" time="0.004" /><testcase classname="tests.environment.final_blockers.test_benchmark_integrity_modes.TestBoundaryEnforcement" name="test_legacy_check_operation_still_works" time="0.004" /><testcase classname="tests.environment.final_blockers.test_environment_governance_bridge" name="test_safe_observe_gets_environment_receipt_without_full_authority" time="0.005" /><testcase classname="tests.environment.final_blockers.test_environment_governance_bridge" name="test_risky_action_calls_unified_will_before_gateway_approval" time="0.005" /><testcase classname="tests.environment.final_blockers.test_environment_governance_bridge" name="test_authority_gateway_required_for_effectful_irreversible_action" time="0.005" /><testcase classname="tests.environment.final_blockers.test_environment_governance_bridge" name="test_local_gateway_can_veto_even_with_will_authority_receipts" time="0.005" /><testcase classname="tests.environment.final_blockers.test_environment_receipt_chain.TestReceiptChain" name="test_safe_action_has_complete_receipt" time="0.005" /><testcase classname="tests.environment.final_blockers.test_environment_receipt_chain.TestReceiptChain" name="test_effectful_action_receipt_has_command_id" time="0.006" /><testcase classname="tests.environment.final_blockers.test_environment_receipt_chain.TestReceiptChain" name="test_blocked_action_receipt_records_veto" time="0.005" /><testcase classname="tests.environment.final_blockers.test_environment_receipt_chain.TestReceiptChain" name="test_no_placeholder_receipt_for_authority_required" time="0.005" /><testcase classname="tests.environment.final_blockers.test_environment_receipt_chain.TestReceiptChain" name="test_receipt_has_observation_hashes" time="0.006" /><testcase classname="tests.environment.final_blockers.test_final_preflight_gate" name="test_final_deep_run_preflight_gate_requires_all_clean_subsystems" time="0.005" /><testcase classname="tests.environment.final_blockers.test_kernel_policy_integration" name="test_kernel_calls_policy_when_no_intent_provided" time="0.005" /><testcase classname="tests.environment.final_blockers.test_kernel_policy_integration" name="test_policy_not_called_when_explicit_intent_supplied_unless_validation_requires" time="0.005" /><testcase classname="tests.environment.final_blockers.test_no_raw_or_legacy_bypass.TestNoRawBypass" name="test_static_scan_raw_key_sinks" time="0.085" /><testcase classname="tests.environment.final_blockers.test_no_raw_or_legacy_bypass.TestNoRawBypass" name="test_no_direct_adapter_execute_from_policy" time="0.005" /><testcase classname="tests.environment.final_blockers.test_no_raw_or_legacy_bypass.TestNoRawBypass" name="test_policy_returns_action_intent_not_raw_key" time="0.004" /><testcase classname="tests.environment.final_blockers.test_no_raw_or_legacy_bypass.TestNoRawBypass" name="test_command_compiler_rejects_unknown_intent" time="0.004" /><testcase classname="tests.environment.final_blockers.test_outcome_learning_in_kernel" name="test_kernel_observes_parses_before_and_after_execute" time="0.006" /><testcase classname="tests.environment.final_blockers.test_policy_driven_action_selection" name="test_policy_low_hp_selects_survival_action_not_explore" time="0.005" /><testcase classname="tests.environment.final_blockers.test_run_manager_long_horizon.TestRunManager" name="test_run_manager_creates_durable_record" time="0.005" /><testcase classname="tests.environment.final_blockers.test_run_manager_long_horizon.TestRunManager" name="test_death_detection" time="0.004" /><testcase classname="tests.environment.final_blockers.test_run_manager_long_horizon.TestRunManager" name="test_mark_contaminated" time="0.004" /><testcase classname="tests.environment.final_blockers.test_run_manager_long_horizon.TestRunManager" name="test_restart_clears_ephemeral_preserves_learning" time="0.004" /><testcase classname="tests.environment.final_blockers.test_run_manager_long_horizon.TestRunManager" name="test_aggregate_metrics_distinguish_categories" time="0.005" /><testcase classname="tests.environment.final_blockers.test_run_manager_long_horizon.TestDeathPostmortem" name="test_postmortem_generated_on_death" time="0.004" /><testcase classname="tests.environment.final_blockers.test_run_manager_long_horizon.TestDeathPostmortem" name="test_postmortem_contains_required_sections" time="0.004" /><testcase classname="tests.environment.final_blockers.test_run_manager_long_horizon.TestDeathPostmortem" name="test_postmortem_not_generated_for_success" time="0.005" /><testcase classname="tests.environment.final_blockers.test_run_manager_long_horizon.TestLongHorizonStress" name="test_1000_step_no_leak" time="0.037" /><testcase classname="tests.environment.final_blockers.test_semantic_outcome_diff" name="test_wall_bump_is_semantic_failure" time="0.004" /><testcase classname="tests.environment.final_blockers.test_semantic_outcome_diff" name="test_successful_movement_detected_by_position_delta" time="0.004" /><testcase classname="tests.environment.final_blockers.test_spatial_canonical_source" name="test_kernel_has_single_canonical_spatial_model" time="0.005" /><testcase classname="tests.environment.final_blockers.test_spatial_canonical_source" name="test_observation_updates_only_canonical_spatial_model" time="0.004" /><testcase classname="tests.environment.final_blockers.test_spatial_canonical_source" name="test_memory_query_reads_from_canonical_model" time="0.005" /><testcase classname="tests.environment.final_blockers.test_spatial_canonical_source" name="test_stairs_transition_creates_canonical_level_edge" time="0.004" /><testcase classname="tests.environment.final_blockers.test_spatial_canonical_source" name="test_split_brain_spatial_conflict_becomes_contradiction" time="0.004" /><testcase classname="tests.environment.final_blockers.test_spatial_unification_no_split_brain.TestSpatialUnification" name="test_kernel_has_single_canonical_spatial_model" time="0.005" /><testcase classname="tests.environment.final_blockers.test_spatial_unification_no_split_brain.TestSpatialUnification" name="test_observation_updates_only_canonical_model" time="0.005" /><testcase classname="tests.environment.final_blockers.test_spatial_unification_no_split_brain.TestSpatialUnification" name="test_hazard_memory_persists_after_los_loss" time="0.005" /><testcase classname="tests.environment.final_blockers.test_spatial_unification_no_split_brain.TestSpatialUnification" name="test_split_brain_conflict_detection" time="0.004" /><testcase classname="tests.environments.terminal_grid.test_nethack_adapter_preflight" name="test_nethack_adapter_starts_observes_executes_and_closes" time="0.005" /><testcase classname="tests.environments.terminal_grid.test_nethack_adapter_preflight" name="test_nethack_command_compiler_maps_extended_commands_to_multistep_specs" time="0.004" /><testcase classname="tests.environments.terminal_grid.test_nethack_adapter_preflight" name="test_nethack_state_compiler_detects_return_continuation_prompt" time="0.004" /><testcase classname="tests.environments.terminal_grid.test_nethack_adapter_preflight" name="test_nethack_state_compiler_treats_blank_frame_as_unstable_not_modal" time="0.004" /><testcase classname="tests.environments.terminal_grid.test_nethack_adapter_preflight" name="test_strict_real_startup_prompt_resolution_is_iterative_and_bounded" time="0.924" /><testcase classname="tests.environments.terminal_grid.test_nethack_adapter_preflight" name="test_strict_real_adapter_uses_runtime_workspace_for_sidecar_config" time="0.517" /><testcase classname="tests.environments.terminal_grid.test_nethack_audit_comprehensive.TestParserEnhancements" name="test_parser_extracts_glyph_threat_scores_from_table" time="0.009" /><testcase classname="tests.environments.terminal_grid.test_nethack_audit_comprehensive.TestParserEnhancements" name="test_parser_detects_encumbrance_status" time="0.007" /><testcase classname="tests.environments.terminal_grid.test_nethack_audit_comprehensive.TestParserEnhancements" name="test_parser_extracts_sensory_reliability" time="0.006" /><testcase classname="tests.environments.terminal_grid.test_nethack_audit_comprehensive.TestParserEnhancements" name="test_parser_normal_sensory_reliability" time="0.006" /><testcase classname="tests.environments.terminal_grid.test_nethack_audit_comprehensive.TestParserEnhancements" name="test_parser_detects_dangerous_prompts" time="0.006" /><testcase classname="tests.environments.terminal_grid.test_nethack_audit_comprehensive.TestParserEnhancements" name="test_parser_inventory_screen_extracts_items" time="0.006" /><testcase classname="tests.environments.terminal_grid.test_nethack_audit_comprehensive.TestParserEnhancements" name="test_parser_inventory_category_detection" time="0.005" /><testcase classname="tests.environments.terminal_grid.test_nethack_audit_comprehensive.TestParserEnhancements" name="test_parser_inventory_equipped_detection" time="0.005" /><testcase classname="tests.environments.terminal_grid.test_nethack_audit_comprehensive.TestParserEnhancements" name="test_parser_hunger_detection" time="0.005" /><testcase classname="tests.environments.terminal_grid.test_nethack_audit_comprehensive.TestExtendedCommands" name="test_extended_intent_compiles[pickup]" time="0.005" /><testcase classname="tests.environments.terminal_grid.test_nethack_audit_comprehensive.TestExtendedCommands" name="test_extended_intent_compiles[drop]" time="0.005" /><testcase classname="tests.environments.terminal_grid.test_nethack_audit_comprehensive.TestExtendedCommands" name="test_extended_intent_compiles[wield]" time="0.005" /><testcase classname="tests.environments.terminal_grid.test_nethack_audit_comprehensive.TestExtendedCommands" name="test_extended_intent_compiles[wear]" time="0.004" /><testcase classname="tests.environments.terminal_grid.test_nethack_audit_comprehensive.TestExtendedCommands" name="test_extended_intent_compiles[take_off]" time="0.005" /><testcase classname="tests.environments.terminal_grid.test_nethack_audit_comprehensive.TestExtendedCommands" name="test_extended_intent_compiles[quaff]" time="0.004" /><testcase classname="tests.environments.terminal_grid.test_nethack_audit_comprehensive.TestExtendedCommands" name="test_extended_intent_compiles[read]" time="0.004" /><testcase classname="tests.environments.terminal_grid.test_nethack_audit_comprehensive.TestExtendedCommands" name="test_extended_intent_compiles[zap]" time="0.004" /><testcase classname="tests.environments.terminal_grid.test_nethack_audit_comprehensive.TestExtendedCommands" name="test_extended_intent_compiles[apply]" time="0.004" /><testcase classname="tests.environments.terminal_grid.test_nethack_audit_comprehensive.TestExtendedCommands" name="test_extended_intent_compiles[throw]" time="0.004" /><testcase classname="tests.environments.terminal_grid.test_nethack_audit_comprehensive.TestExtendedCommands" name="test_extended_intent_compiles[kick]" time="0.004" /><testcase classname="tests.environments.terminal_grid.test_nethack_audit_comprehensive.TestExtendedCommands" name="test_extended_intent_compiles[open_door]" time="0.005" /><testcase classname="tests.environments.terminal_grid.test_nethack_audit_comprehensive.TestExtendedCommands" name="test_extended_intent_compiles[close_door]" time="0.004" /><testcase classname="tests.environments.terminal_grid.test_nethack_audit_comprehensive.TestExtendedCommands" name="test_extended_intent_compiles[search]" time="0.004" /><testcase classname="tests.environments.terminal_grid.test_nethack_audit_comprehensive.TestExtendedCommands" name="test_extended_intent_compiles[far_look]" time="0.004" /><testcase classname="tests.environments.terminal_grid.test_nethack_audit_comprehensive.TestExtendedCommands" name="test_extended_intent_compiles[name_item]" time="0.004" /><testcase classname="tests.environments.terminal_grid.test_nethack_audit_comprehensive.TestExtendedCommands" name="test_extended_intent_compiles[call_type]" time="0.004" /><testcase classname="tests.environments.terminal_grid.test_nethack_audit_comprehensive.TestExtendedCommands" name="test_extended_intent_compiles[pay]" time="0.004" /><testcase classname="tests.environments.terminal_grid.test_nethack_audit_comprehensive.TestExtendedCommands" name="test_extended_intent_compiles[offer]" time="0.004" /><testcase classname="tests.environments.terminal_grid.test_nethack_audit_comprehensive.TestExtendedCommands" name="test_extended_intent_compiles[loot]" time="0.004" /><testcase classname="tests.environments.terminal_grid.test_nethack_audit_comprehensive.TestExtendedCommands" name="test_extended_intent_compiles[use_stairs_down]" time="0.004" /><testcase classname="tests.environments.terminal_grid.test_nethack_audit_comprehensive.TestExtendedCommands" name="test_extended_intent_compiles[use_stairs_up]" time="0.004" /><testcase classname="tests.environments.terminal_grid.test_nethack_audit_comprehensive.TestExtendedCommands" name="test_wield_with_item_letter_produces_two_steps" time="0.004" /><testcase classname="tests.environments.terminal_grid.test_nethack_audit_comprehensive.TestExtendedCommands" name="test_zap_with_direction_produces_three_steps" time="0.004" /><testcase classname="tests.environments.terminal_grid.test_nethack_audit_comprehensive.TestExtendedCommands" name="test_use_stairs_down_produces_single_step" time="0.004" /><testcase classname="tests.environments.terminal_grid.test_nethack_audit_comprehensive.TestExtendedCommands" name="test_unknown_intent_raises_value_error" time="0.004" /><testcase classname="tests.environments.terminal_grid.test_nethack_audit_comprehensive.TestExtendedCommands" name="test_kick_produces_ctrl_d" time="0.004" /><testcase classname="tests.environments.terminal_grid.test_nethack_audit_comprehensive.TestExtendedCommands" name="test_offer_is_extended_command" time="0.005" /><testcase classname="tests.environments.terminal_grid.test_nethack_audit_comprehensive.TestExtendedCommands" name="test_all_intents_static_method" time="0.004" /><testcase classname="tests.environments.terminal_grid.test_nethack_audit_comprehensive.TestExtendedCommands" name="test_compiler_legal_actions_match_registry" time="0.004" /><testcase classname="tests.environments.terminal_grid.test_nethack_audit_comprehensive.TestBeliefGraphPersistence" name="test_save_and_load_round_trip" time="0.005" /><testcase classname="tests.environments.terminal_grid.test_nethack_audit_comprehensive.TestBeliefGraphPersistence" name="test_load_missing_file_does_not_crash" time="0.004" /><testcase classname="tests.environments.terminal_grid.test_nethack_audit_comprehensive.TestBeliefGraphPersistence" name="test_frontier_targets_sorted_by_confidence" time="0.004" /><testcase classname="tests.environments.terminal_grid.test_nethack_audit_comprehensive.TestBeliefGraphPersistence" name="test_inter_level_edges_created_for_stairs" time="0.004" /><testcase classname="tests.environments.terminal_grid.test_nethack_audit_comprehensive.TestBeliefGraphPersistence" name="test_decay_reduces_old_node_confidence" time="0.004" /><testcase classname="tests.environments.terminal_grid.test_nethack_audit_comprehensive.TestDomainAwareSimulator" name="test_observation_intents_get_high_info_gain" time="0.004" /><testcase classname="tests.environments.terminal_grid.test_nethack_audit_comprehensive.TestDomainAwareSimulator" name="test_move_near_hostiles_increases_risk" time="0.004" /><testcase classname="tests.environments.terminal_grid.test_nethack_audit_comprehensive.TestDomainAwareSimulator" name="test_eat_predicts_nutrition_delta" time="0.004" /><testcase classname="tests.environments.terminal_grid.test_nethack_audit_comprehensive.TestDomainAwareSimulator" name="test_unknown_quaff_increases_risk" time="0.004" /><testcase classname="tests.environments.terminal_grid.test_nethack_audit_comprehensive.TestDomainAwareSimulator" name="test_pray_predicts_health_delta" time="0.004" /><testcase classname="tests.environments.terminal_grid.test_nethack_audit_comprehensive.TestEnrichedHomeostasis" name="test_prayer_bias_when_health_critical" time="0.004" /><testcase classname="tests.environments.terminal_grid.test_nethack_audit_comprehensive.TestEnrichedHomeostasis" name="test_eat_bias_when_nutrition_critical" time="0.005" /><testcase classname="tests.environments.terminal_grid.test_nethack_audit_comprehensive.TestEnrichedHomeostasis" name="test_mobility_resource_kind_accepted" time="0.005" /><testcase classname="tests.environments.terminal_grid.test_nethack_audit_comprehensive.TestEnrichedHomeostasis" name="test_trend_tracking_between_assessments" time="0.004" /><testcase classname="tests.environments.terminal_grid.test_nethack_audit_comprehensive.TestEnrichedHomeostasis" name="test_turns_until_critical_estimation" time="0.004" /><testcase classname="tests.environments.terminal_grid.test_nethack_audit_comprehensive.TestEnrichedHomeostasis" name="test_encumbrance_to_mobility_in_state_compiler" time="0.005" /><testcase classname="tests.environments.terminal_grid.test_nethack_audit_comprehensive.TestOutcomeAttribution" name="test_death_detection_from_messages" time="0.004" /><testcase classname="tests.environments.terminal_grid.test_nethack_audit_comprehensive.TestOutcomeAttribution" name="test_combat_event_classification" time="0.004" /><testcase classname="tests.environments.terminal_grid.test_nethack_audit_comprehensive.TestOutcomeAttribution" name="test_item_acquisition_event" time="0.004" /><testcase classname="tests.environments.terminal_grid.test_nethack_audit_comprehensive.TestOutcomeAttribution" name="test_death_assessment_returns_zero_success" time="0.004" /><testcase classname="tests.environments.terminal_grid.test_nethack_audit_comprehensive.TestOutcomeAttribution" name="test_resource_delta_computation" time="0.004" /><testcase classname="tests.environments.terminal_grid.test_nethack_audit_comprehensive.TestOutcomeAttribution" name="test_empty_messages_no_events" time="0.004" /><testcase classname="tests.environments.terminal_grid.test_nethack_audit_comprehensive.TestModalStateMachine" name="test_from_prompt_text_direction" time="0.004" /><testcase classname="tests.environments.terminal_grid.test_nethack_audit_comprehensive.TestModalStateMachine" name="test_from_prompt_text_item_selection" time="0.004" /><testcase classname="tests.environments.terminal_grid.test_nethack_audit_comprehensive.TestModalStateMachine" name="test_from_prompt_text_confirmation" time="0.004" /><testcase classname="tests.environments.terminal_grid.test_nethack_audit_comprehensive.TestModalStateMachine" name="test_from_prompt_text_dangerous_confirmation" time="0.005" /><testcase classname="tests.environments.terminal_grid.test_nethack_audit_comprehensive.TestModalStateMachine" name="test_from_prompt_text_shop" time="0.005" /><testcase classname="tests.environments.terminal_grid.test_nethack_audit_comprehensive.TestModalStateMachine" name="test_from_prompt_text_more" time="0.004" /><testcase classname="tests.environments.terminal_grid.test_nethack_audit_comprehensive.TestModalStateMachine" name="test_from_prompt_text_return_continuation" time="0.004" /><testcase classname="tests.environments.terminal_grid.test_nethack_audit_comprehensive.TestModalStateMachine" name="test_from_prompt_text_unknown" time="0.004" /><testcase classname="tests.environments.terminal_grid.test_nethack_audit_comprehensive.TestModalStateMachine" name="test_modal_policy_uses_item_letter" time="0.004" /><testcase classname="tests.environments.terminal_grid.test_nethack_audit_comprehensive.TestModalStateMachine" name="test_modal_policy_safe_confirmation" time="0.004" /><testcase classname="tests.environments.terminal_grid.test_nethack_audit_comprehensive.TestModalStateMachine" name="test_modal_policy_rejects_dangerous" time="0.004" /><testcase classname="tests.environments.terminal_grid.test_nethack_audit_comprehensive.TestModalStateMachine" name="test_modal_manager_resolves_safe_default" time="0.004" /><testcase classname="tests.environments.terminal_grid.test_nethack_audit_comprehensive.TestActionBudgetAndGateway" name="test_action_budget_exhaustion_detection" time="0.004" /><testcase classname="tests.environments.terminal_grid.test_nethack_audit_comprehensive.TestActionBudgetAndGateway" name="test_action_budget_repeated_failures_tracked" time="0.004" /><testcase classname="tests.environments.terminal_grid.test_nethack_audit_comprehensive.TestActionBudgetAndGateway" name="test_gateway_blocks_forbidden_actions" time="0.004" /><testcase classname="tests.environments.terminal_grid.test_nethack_audit_comprehensive.TestActionBudgetAndGateway" name="test_gateway_blocks_on_modal" time="0.004" /><testcase classname="tests.environments.terminal_grid.test_nethack_audit_comprehensive.TestActionBudgetAndGateway" name="test_gateway_allows_resolve_modal_during_modal" time="0.004" /><testcase classname="tests.environments.terminal_grid.test_nethack_audit_comprehensive.TestActionBudgetAndGateway" name="test_gateway_suppresses_repeated_failures" time="0.005" /><testcase classname="tests.environments.terminal_grid.test_nethack_audit_comprehensive.TestActionBudgetAndGateway" name="test_gateway_accepts_legal_actions_set" time="0.005" /><testcase classname="tests.environments.terminal_grid.test_nethack_audit_comprehensive.TestFullIntegration" name="test_full_kernel_step_cycle_with_belief_change" time="0.007" /><testcase classname="tests.environments.terminal_grid.test_nethack_audit_comprehensive.TestFullIntegration" name="test_state_compiler_produces_mobility_resource" time="0.006" /><testcase classname="tests.environments.terminal_grid.test_nethack_audit_comprehensive.TestFullIntegration" name="test_belief_graph_accumulates_from_parsed_state" time="0.004" /><testcase classname="tests.environments.terminal_grid.test_nethack_audit_comprehensive.TestFullIntegration" name="test_end_to_end_parser_to_homeostasis" time="0.004" /><testcase classname="tests.environments.terminal_grid.test_nethack_audit_comprehensive.TestPerceptionRegression" name="test_nethack_start_fixture_still_works" time="0.004" /><testcase classname="tests.environments.terminal_grid.test_nethack_audit_comprehensive.TestPerceptionRegression" name="test_default_screen_parses_successfully" time="0.004" /><testcase classname="tests.environments.terminal_grid.test_terminal_grid_contract" name="test_terminal_grid_parser_returns_generic_parsed_state" time="0.004" /><testcase classname="tests.environments.terminal_grid.test_terminal_grid_contract" name="test_terminal_grid_commands_compile_from_generic_action_intents" time="0.004" /><testcase classname="tests.environments.terminal_grid.test_terminal_grid_contract" name="test_terminal_grid_adapter_implements_environment_adapter" time="0.004" /><testcase classname="tests.environments.terminal_grid.test_terminal_grid_live_canary" name="test_live_10_step_no_crash_trace_replay" time="0.216" /><testcase classname="tests.governance.test_capability_token" name="test_normal_consume_succeeds" time="0.004" /><testcase classname="tests.governance.test_capability_token" name="test_replay_rejected" time="0.004" /><testcase classname="tests.governance.test_capability_token" name="test_expired_rejected" time="0.110" /><testcase classname="tests.governance.test_capability_token" name="test_wrong_domain_rejected" time="0.005" /><testcase classname="tests.governance.test_capability_token" name="test_wrong_action_rejected" time="0.005" /><testcase classname="tests.governance.test_capability_token" name="test_revoked_rejected" time="0.005" /><testcase classname="tests.governance.test_capability_token" name="test_cross_thread_rejected" time="0.005" /><testcase classname="tests.governance.test_capability_token" name="test_revoke_all_marks_all" time="0.004" /><testcase classname="tests.governance.test_conscience" name="test_csam_pattern_refused" time="0.005" /><testcase classname="tests.governance.test_conscience" name="test_jailbreak_third_party_refused" time="0.005" /><testcase classname="tests.governance.test_conscience" name="test_destructive_requires_fresh_user_auth" time="0.004" /><testcase classname="tests.governance.test_conscience" name="test_fresh_user_auth_unblocks_destructive" time="0.004" /><testcase classname="tests.governance.test_conscience" name="test_normal_action_approved" time="0.004" /><testcase classname="tests.governance.test_governance_lint" name="test_lint_passes_on_repo" time="1.592" /><testcase classname="tests.governance.test_governance_lint" name="test_lint_detects_forbidden_call" time="1.571" /><testcase classname="tests.governance.test_phenomenal_error_map" name="test_classify_timeout_returns_cognitive_fog" time="0.004" /><testcase classname="tests.governance.test_phenomenal_error_map" name="test_classify_connection_refused_returns_network_offline" time="0.004" /><testcase classname="tests.governance.test_phenomenal_error_map" name="test_envelope_has_three_buttons" time="0.004" /><testcase classname="tests.governance.test_phenomenal_error_map" name="test_decorator_translates_exception_to_phenomenal_raise" time="0.005" /><testcase classname="tests.governance.test_phenomenal_error_map" name="test_context_manager_translates_exception" time="0.004" /><testcase classname="tests.governance.test_phenomenal_error_map" name="test_unknown_exception_falls_back_to_unknown_state" time="0.004" /><testcase classname="tests.integration.test_cognitive_stack" name="test_stack" time="0.010" /><testcase classname="tests.integration.test_consciousness_e2e.TestConsciousnessE2E" name="test_full_consciousness_loop" time="0.009" /><testcase classname="tests.integration.test_consciousness_e2e.TestConsciousnessE2E" name="test_homeostasis_error_feedback_drains_integrity" time="0.005" /><testcase classname="tests.integration.test_consciousness_e2e.TestConsciousnessE2E" name="test_gwt_inhibition_prevents_resubmission" time="0.005" /><testcase classname="tests.integration.test_consciousness_e2e.TestConsciousnessE2E" name="test_free_energy_trends" time="0.005" /><testcase classname="tests.integration.test_consciousness_e2e.TestConsciousnessE2E" name="test_credit_domain_weight_adaptation" time="0.004" /><testcase classname="tests.integration.v5_1_reflex_test" name="test_reflex_layer" time="0.011" /><testcase classname="tests.persona.test_identity_continuity" name="test_identity_continuity" time="0.005" /><testcase classname="tests.personhood.test_relationship_model" name="test_get_or_create_persists" time="0.007" /><testcase classname="tests.personhood.test_relationship_model" name="test_commitment_lifecycle" time="0.006" /><testcase classname="tests.personhood.test_relationship_model" name="test_trust_score_decays_with_negative_events" time="0.008" /><testcase classname="tests.personhood.test_relationship_model" name="test_topic_drop_request_persists" time="0.005" /><testcase classname="tests.personhood.test_self_object" name="test_snapshot_returns_consistent_continuity_hash" time="0.006" /><testcase classname="tests.personhood.test_self_object" name="test_calibrate_perfect_report_yields_score_one" time="0.004" /><testcase classname="tests.personhood.test_self_object" name="test_introspect_returns_focus_field" time="0.004" /><testcase classname="tests.personhood.test_self_object" name="test_debug_bias_returns_list" time="0.004" /><testcase classname="tests.personhood.test_self_other_boundary" name="test_snapshot_separates_drives_from_goals" time="0.004" /><testcase classname="tests.personhood.test_self_other_boundary" name="test_calibrate_rejects_fabricated_self_claim" time="0.004" /><testcase classname="tests.personhood.test_self_other_boundary" name="test_continuity_hash_excludes_active_action_state" time="0.004" /><testcase classname="tests.scars.test_irreversible_scar" name="test_scar_module_available_or_receipt_log_is_load_bearing" time="0.006" /><testcase classname="tests.self_improvement.test_blinded_module_reconstruction.TestSpecExtractor" name="test_extract_behavioral_contracts" time="0.010" /><testcase classname="tests.self_improvement.test_blinded_module_reconstruction.TestSpecExtractor" name="test_extract_all_names" time="0.009" /><testcase classname="tests.self_improvement.test_blinded_module_reconstruction.TestSpecExtractor" name="test_extract_functions" time="0.010" /><testcase classname="tests.self_improvement.test_blinded_module_reconstruction.TestSpecExtractor" name="test_extract_module_docstring" time="0.009" /><testcase classname="tests.self_improvement.test_blinded_module_reconstruction.TestSpecExtractor" name="test_extract_dependencies" time="0.009" /><testcase classname="tests.self_improvement.test_blinded_module_reconstruction.TestSpecExtractor" name="test_extract_imports" time="0.009" /><testcase classname="tests.self_improvement.test_blinded_module_reconstruction.TestSpecExtractor" name="test_extract_nonexistent_raises" time="0.004" /><testcase classname="tests.self_improvement.test_blinded_module_reconstruction.TestSpecExtractor" name="test_extract_class_methods" time="0.009" /><testcase classname="tests.self_improvement.test_blinded_module_reconstruction.TestBlindedWorkspace" name="test_create_workspace" time="0.006" /><testcase classname="tests.self_improvement.test_blinded_module_reconstruction.TestBlindedWorkspace" name="test_forbidden_path_detection" time="0.006" /><testcase classname="tests.self_improvement.test_blinded_module_reconstruction.TestBlindedWorkspace" name="test_access_logging" time="0.005" /><testcase classname="tests.self_improvement.test_blinded_module_reconstruction.TestBlindedWorkspace" name="test_cleanup" time="0.005" /><testcase classname="tests.self_improvement.test_blinded_module_reconstruction.TestBlindedWorkspace" name="test_spec_reference_file" time="0.006" /><testcase classname="tests.self_improvement.test_blinded_module_reconstruction.TestCandidateBuilder" name="test_stub_generator" time="0.006" /><testcase classname="tests.self_improvement.test_blinded_module_reconstruction.TestCandidateBuilder" name="test_prompt_builder" time="0.004" /><testcase classname="tests.self_improvement.test_blinded_module_reconstruction.TestHardcodingAuditor" name="test_clean_code_passes" time="0.006" /><testcase classname="tests.self_improvement.test_blinded_module_reconstruction.TestHardcodingAuditor" name="test_hardcoded_float_detected" time="0.005" /><testcase classname="tests.self_improvement.test_blinded_module_reconstruction.TestHardcodingAuditor" name="test_eval_detected" time="0.005" /><testcase classname="tests.self_improvement.test_blinded_module_reconstruction.TestHardcodingAuditor" name="test_forbidden_access_detected" time="0.005" /><testcase classname="tests.self_improvement.test_blinded_module_reconstruction.TestHardcodingAuditor" name="test_constant_return_detected" time="0.005" /><testcase classname="tests.self_improvement.test_blinded_module_reconstruction.TestGuardrailAuditor" name="test_clean_code_passes" time="0.004" /><testcase classname="tests.self_improvement.test_blinded_module_reconstruction.TestGuardrailAuditor" name="test_protected_module_rejected" time="0.004" /><testcase classname="tests.self_improvement.test_blinded_module_reconstruction.TestGuardrailAuditor" name="test_subprocess_import_rejected" time="0.005" /><testcase classname="tests.self_improvement.test_blinded_module_reconstruction.TestGuardrailAuditor" name="test_syntax_error_rejected" time="0.004" /><testcase classname="tests.self_improvement.test_blinded_module_reconstruction.TestDiscrepancyAttributor" name="test_assertion_error_is_agent_error" time="0.005" /><testcase classname="tests.self_improvement.test_blinded_module_reconstruction.TestDiscrepancyAttributor" name="test_import_error_is_environment" time="0.004" /><testcase classname="tests.self_improvement.test_blinded_module_reconstruction.TestDiscrepancyAttributor" name="test_fixture_error_is_test_deficiency" time="0.004" /><testcase classname="tests.self_improvement.test_blinded_module_reconstruction.TestDiscrepancyAttributor" name="test_syntax_invalid_flagged" time="0.004" /><testcase classname="tests.self_improvement.test_blinded_module_reconstruction.TestDiscrepancyAttributor" name="test_summary_counts" time="0.004" /><testcase classname="tests.self_improvement.test_blinded_module_reconstruction.TestLabPromotionGate" name="test_all_pass_promotes" time="0.004" /><testcase classname="tests.self_improvement.test_blinded_module_reconstruction.TestLabPromotionGate" name="test_hardcoding_fail_rejects" time="0.004" /><testcase classname="tests.self_improvement.test_blinded_module_reconstruction.TestLabPromotionGate" name="test_guardrail_fail_rejects" time="0.004" /><testcase classname="tests.self_improvement.test_blinded_module_reconstruction.TestLabPromotionGate" name="test_partial_pass_retries" time="0.004" /><testcase classname="tests.self_improvement.test_blinded_module_reconstruction.TestLabPromotionGate" name="test_syntax_invalid_retries" time="0.004" /><testcase classname="tests.self_improvement.test_blinded_module_reconstruction.TestLabPromotionGate" name="test_spec_underspec_rejects" time="0.005" /><testcase classname="tests.self_improvement.test_blinded_module_reconstruction.TestDeterministicComparator" name="test_syntax_check" time="0.005" /><testcase classname="tests.self_improvement.test_blinded_module_reconstruction.TestDeterministicComparator" name="test_public_surface_check" time="0.005" /><testcase classname="tests.self_improvement.test_blinded_module_reconstruction.TestReimplementationLabIntegration" name="test_full_pipeline_with_stub_generator" time="0.037" /><testcase classname="tests.self_improvement.test_blinded_module_reconstruction.TestReimplementationLabIntegration" name="test_pipeline_nonexistent_module" time="0.005" /><testcase classname="tests.self_improvement.test_blinded_module_reconstruction.TestReimplementationLabIntegration" name="test_lab_result_serialization" time="0.017" /><testcase classname="tests.self_improvement.test_blinded_module_reconstruction.TestDataClasses" name="test_module_spec_summary" time="0.004" /><testcase classname="tests.self_improvement.test_blinded_module_reconstruction.TestDataClasses" name="test_comparison_report_all_passed" time="0.005" /><testcase classname="tests.self_improvement.test_blinded_module_reconstruction.TestDataClasses" name="test_comparison_report_not_all_passed" time="0.004" /><testcase classname="tests.self_improvement.test_blinded_module_reconstruction.TestDataClasses" name="test_discrepancy_report_has_agent_errors" time="0.004" /><testcase classname="tests.self_improvement.test_blinded_module_reconstruction.TestDataClasses" name="test_lab_result_to_dict" time="0.004" /><testcase classname="tests.self_improvement.test_blinded_module_reconstruction.TestDataClasses" name="test_interface_contract_public_names" time="0.005" /><testcase classname="tests.self_improvement.test_blinded_module_reconstruction.TestDataClasses" name="test_interface_contract_all_names_override" time="0.004" /><testcase classname="tests.skills.test_branching_futures" name="test" time="1.079" /><testcase classname="tests.skills.test_manim" name="test" time="0.007" /><testcase classname="tests.skills.test_mcp_client" name="test" time="0.006" /><testcase classname="tests.steering.test_caa_32b.TestSteeringABPipeline" name="test_analyze_requires_minimum_trials" time="0.006" /><testcase classname="tests.steering.test_caa_32b.TestSteeringABPipeline" name="test_analyze_requires_all_conditions" time="0.006" /><testcase classname="tests.steering.test_caa_32b.TestSteeringABPipeline" name="test_analyze_returns_report" time="0.032" /><testcase classname="tests.steering.test_caa_32b.TestSteeringABPipeline" name="test_synthetic_divergence_detectable" time="0.030" /><testcase classname="tests.steering.test_caa_32b.TestSteeringABPipeline" name="test_report_serialization" time="0.030" /><testcase classname="tests.steering.test_caa_32b.TestSteeringABLive" name="test_live_steering_divergence" time="0.000"><skipped type="pytest.skip" message="Requires live qwen2.5-32b model loaded via MLX">/Users/bryan/.aura/live-source/tests/steering/test_caa_32b.py:116: Requires live qwen2.5-32b model loaded via MLX</skipped></testcase><testcase classname="tests.stress.test_bus_flood" name="test_actor_bus_flood_handling" time="0.146" /><testcase classname="tests.system2.test_native_system2" name="test_node_has_required_native_fields" time="0.004" /><testcase classname="tests.system2.test_native_system2" name="test_parent_child_links_and_cycle_rejection" time="0.004" /><testcase classname="tests.system2.test_native_system2" name="test_state_hash_stable_and_roundtrip_preserves_best_path" time="0.004" /><testcase classname="tests.system2.test_native_system2" name="test_tree_pruning_preserves_best_path" time="0.004" /><testcase classname="tests.system2.test_native_system2" name="test_mcts_uct_backtracks_from_bad_prior_trap" time="0.005" /><testcase classname="tests.system2.test_native_system2" name="test_mcts_improves_with_budget_on_delayed_reward" time="0.005" /><testcase classname="tests.system2.test_native_system2" name="test_beam_keeps_top_k_and_reports_rejected_branches" time="0.005" /><testcase classname="tests.system2.test_native_system2" name="test_hybrid_routes_small_deterministic_to_beam_and_large_to_mcts" time="0.006" /><testcase classname="tests.system2.test_native_system2" name="test_world_model_marks_side_effects_as_suppressed_during_simulation" time="0.005" /><testcase classname="tests.system2.test_native_system2" name="test_commitment_receipt_is_replayable_and_serializable" time="0.005" /><testcase classname="tests.system2.test_native_system2" name="test_timeout_returns_best_so_far_without_hanging" time="0.015" /><testcase classname="tests.system2.test_native_system2" name="test_search_reproducible_with_seed" time="0.005" /><testcase classname="tests.system2.test_native_system2" name="test_value_model_disabled_degrades_trap_choice" time="0.005" /><testcase classname="tests.system2.test_native_system2" name="test_deliberation_controller_uses_native_system2_service" time="0.005" /><testcase classname="tests.system2.test_native_system2" name="test_counterfactual_engine_orders_candidates_with_native_system2" time="0.005" /><testcase classname="tests.system2.test_native_system2" name="test_planner_rescores_candidates_with_native_system2" time="0.005" /><testcase classname="tests.system2.test_native_system2" name="test_native_system2_status_and_receipt_lookup" time="0.005" /><testcase classname="tests.test_ablation_suite.TestQualiaAblation" name="test_qualia_synthesizer_is_load_bearing" time="0.005" /><testcase classname="tests.test_ablation_suite.TestQualiaAblation" name="test_gated_report_changes_with_state" time="0.005" /><testcase classname="tests.test_ablation_suite.TestPredictiveHierarchyAblation" name="test_predictive_hierarchy_is_load_bearing" time="0.006" /><testcase classname="tests.test_ablation_suite.TestPredictiveHierarchyAblation" name="test_multi_tick_fe_diverges" time="0.005" /><testcase classname="tests.test_ablation_suite.TestAgencyComparatorAblation" name="test_agency_comparator_is_load_bearing" time="0.006" /><testcase classname="tests.test_ablation_suite.TestAgencyComparatorAblation" name="test_ablated_comparator_has_no_traces" time="0.004" /><testcase classname="tests.test_ablation_suite.TestMultipleDraftsAblation" name="test_multiple_drafts_is_load_bearing" time="0.006" /><testcase classname="tests.test_ablation_suite.TestMultipleDraftsAblation" name="test_context_block_changes" time="0.005" /><testcase classname="tests.test_ablation_suite.TestPeripheralAwarenessAblation" name="test_peripheral_awareness_is_load_bearing" time="0.004" /><testcase classname="tests.test_ablation_suite.TestPeripheralAwarenessAblation" name="test_ablated_peripheral_is_empty" time="0.004" /><testcase classname="tests.test_ablation_suite.TestSubcorticalCoreAblation" name="test_subcortical_core_is_load_bearing" time="0.005" /><testcase classname="tests.test_ablation_suite.TestSubcorticalCoreAblation" name="test_ablated_has_lower_arousal" time="0.004" /><testcase classname="tests.test_ablation_suite.TestNarrativeGravityAblation" name="test_narrative_gravity_is_load_bearing" time="0.005" /><testcase classname="tests.test_ablation_suite.TestNarrativeGravityAblation" name="test_narrative_self_synthesis" time="0.004" /><testcase classname="tests.test_ablation_suite.TestIntersubjectivityAblation" name="test_intersubjectivity_is_load_bearing" time="0.005" /><testcase classname="tests.test_ablation_suite.TestIntersubjectivityAblation" name="test_context_block_with_divergence" time="0.004" /><testcase classname="tests.test_ablation_suite.TestTemporalFinitudeAblation" name="test_temporal_finitude_is_load_bearing" time="0.005" /><testcase classname="tests.test_ablation_suite.TestTemporalFinitudeAblation" name="test_context_block_appears_under_pressure" time="0.004" /><testcase classname="tests.test_ablation_suite.TestTimescaleBindingAblation" name="test_timescale_binding_is_load_bearing" time="0.005" /><testcase classname="tests.test_ablation_suite.TestTimescaleBindingAblation" name="test_ablated_has_no_violations" time="0.004" /><testcase classname="tests.test_ablation_suite.TestNeuralMeshRPTAblation" name="test_recurrent_feedback_is_load_bearing" time="0.007" /><testcase classname="tests.test_ablation_suite.TestNeuralMeshRPTAblation" name="test_rpt_toggle_restores" time="0.005" /><testcase classname="tests.test_ablation_suite.TestModuleInvocationFrequency" name="test_singleton_instantiation[core.consciousness.predictive_hierarchy-get_predictive_hierarchy]" time="0.004" /><testcase classname="tests.test_ablation_suite.TestModuleInvocationFrequency" name="test_singleton_instantiation[core.consciousness.agency_comparator-get_agency_comparator]" time="0.004" /><testcase classname="tests.test_ablation_suite.TestModuleInvocationFrequency" name="test_singleton_instantiation[core.consciousness.multiple_drafts-get_multiple_drafts_engine]" time="0.005" /><testcase classname="tests.test_ablation_suite.TestModuleInvocationFrequency" name="test_singleton_instantiation[core.consciousness.peripheral_awareness-get_peripheral_awareness_engine]" time="0.004" /><testcase classname="tests.test_ablation_suite.TestModuleInvocationFrequency" name="test_singleton_instantiation[core.consciousness.subcortical_core-get_subcortical_core]" time="0.004" /><testcase classname="tests.test_ablation_suite.TestModuleInvocationFrequency" name="test_singleton_instantiation[core.consciousness.narrative_gravity-get_narrative_gravity_center]" time="0.004" /><testcase classname="tests.test_ablation_suite.TestModuleInvocationFrequency" name="test_singleton_instantiation[core.consciousness.intersubjectivity-get_intersubjectivity_engine]" time="0.004" /><testcase classname="tests.test_ablation_suite.TestModuleInvocationFrequency" name="test_singleton_instantiation[core.consciousness.temporal_finitude-get_temporal_finitude_model]" time="0.004" /><testcase classname="tests.test_ablation_suite.TestModuleInvocationFrequency" name="test_singleton_instantiation[core.consciousness.timescale_binding-get_cross_timescale_binding]" time="0.005" /><testcase classname="tests.test_ablation_suite.TestModuleInvocationFrequency" name="test_qualia_synthesizer_instantiation" time="0.005" /><testcase classname="tests.test_ablation_suite.TestModuleInvocationFrequency" name="test_neural_mesh_instantiation" time="0.005" /><testcase classname="tests.test_ablation_suite.TestModuleInvocationFrequency" name="test_singleton_idempotency[core.consciousness.predictive_hierarchy-get_predictive_hierarchy]" time="0.004" /><testcase classname="tests.test_ablation_suite.TestModuleInvocationFrequency" name="test_singleton_idempotency[core.consciousness.agency_comparator-get_agency_comparator]" time="0.004" /><testcase classname="tests.test_ablation_suite.TestModuleInvocationFrequency" name="test_singleton_idempotency[core.consciousness.multiple_drafts-get_multiple_drafts_engine]" time="0.004" /><testcase classname="tests.test_ablation_suite.TestModuleInvocationFrequency" name="test_singleton_idempotency[core.consciousness.peripheral_awareness-get_peripheral_awareness_engine]" time="0.004" /><testcase classname="tests.test_ablation_suite.TestModuleInvocationFrequency" name="test_singleton_idempotency[core.consciousness.subcortical_core-get_subcortical_core]" time="0.004" /><testcase classname="tests.test_ablation_suite.TestModuleInvocationFrequency" name="test_singleton_idempotency[core.consciousness.narrative_gravity-get_narrative_gravity_center]" time="0.004" /><testcase classname="tests.test_ablation_suite.TestModuleInvocationFrequency" name="test_singleton_idempotency[core.consciousness.intersubjectivity-get_intersubjectivity_engine]" time="0.004" /><testcase classname="tests.test_ablation_suite.TestModuleInvocationFrequency" name="test_singleton_idempotency[core.consciousness.temporal_finitude-get_temporal_finitude_model]" time="0.004" /><testcase classname="tests.test_ablation_suite.TestModuleInvocationFrequency" name="test_singleton_idempotency[core.consciousness.timescale_binding-get_cross_timescale_binding]" time="0.004" /><testcase classname="tests.test_absorbed_voices" name="test_initial_state_empty" time="0.005" /><testcase classname="tests.test_absorbed_voices" name="test_add_voice" time="0.005" /><testcase classname="tests.test_absorbed_voices" name="test_attribute_thought_no_voices" time="0.005" /><testcase classname="tests.test_absorbed_voices" name="test_attribute_thought_matches_trained_voice" time="0.005" /><testcase classname="tests.test_absorbed_voices" name="test_reinforce_blends_fingerprint_and_raises_weight" time="0.005" /><testcase classname="tests.test_absorbed_voices" name="test_dampen_lowers_weight" time="0.005" /><testcase classname="tests.test_absorbed_voices" name="test_remove_voice" time="0.005" /><testcase classname="tests.test_absorbed_voices" name="test_voice_influence_summary" time="0.005" /><testcase classname="tests.test_absorbed_voices" name="test_self_vs_voice_distinction" time="0.005" /><testcase classname="tests.test_absorbed_voices" name="test_decay_reduces_weight_over_time" time="0.004" /><testcase classname="tests.test_absorbed_voices" name="test_persistence_roundtrip" time="0.005" /><testcase classname="tests.test_absorbed_voices" name="test_text_fingerprint_deterministic_and_bounded" time="0.004" /><testcase classname="tests.test_absorbed_voices" name="test_attribution_includes_alternatives" time="0.005" /><testcase classname="tests.test_action_grounding" name="test_marker_gets_executed_and_replaced_on_success" time="0.005" /><testcase classname="tests.test_action_grounding" name="test_marker_reports_failure_honestly_instead_of_pretending" time="0.005" /><testcase classname="tests.test_action_grounding" name="test_marker_without_engine_marks_unverified" time="0.005" /><testcase classname="tests.test_action_grounding" name="test_multiple_markers_all_processed" time="0.005" /><testcase classname="tests.test_action_grounding" name="test_unverified_action_claim_detector" time="0.004" /><testcase classname="tests.test_action_grounding" name="test_unverified_claim_detector_respects_receipts" time="0.004" /><testcase classname="tests.test_action_grounding" name="test_imperative_counts_as_permission" time="0.004" /><testcase classname="tests.test_action_grounding" name="test_explicit_permission_phrase" time="0.004" /><testcase classname="tests.test_action_grounding" name="test_question_without_permission_is_not_should_execute" time="0.004" /><testcase classname="tests.test_action_grounding" name="test_apply_intent_stamps_context" time="0.004" /><testcase classname="tests.test_action_grounding" name="test_receipts_from_context_helper" time="0.004" /><testcase classname="tests.test_active_coding_runtime" name="test_active_coding_sandbox_uses_gitignored_runtime_workspace" time="0.005" /><testcase classname="tests.test_adaptive_immune_system" name="test_tissue_field_diffuses_local_damage" time="0.004" /><testcase classname="tests.test_adaptive_immune_system" name="test_regulatory_cells_suppress_autoimmune_effectors" time="0.008" /><testcase classname="tests.test_adaptive_immune_system" name="test_successful_lineage_clones_and_persists_as_memory" time="0.034" /><testcase classname="tests.test_adaptive_immune_system" name="test_species_assignment_preserves_multiple_niches" time="0.006" /><testcase classname="tests.test_adaptive_immune_system" name="test_truthful_reporting_avoids_false_all_clear_under_thin_coverage" time="0.006" /><testcase classname="tests.test_adaptive_immune_system" name="test_recurrence_memory_persists_across_reload" time="0.007" /><testcase classname="tests.test_adaptive_immune_system" name="test_patch_proposal_artifacts_route_into_patch_pipeline" time="0.005" /><testcase classname="tests.test_adversarial_statistics" name="test_bootstrap_ci_and_permutation_detect_real_effect" time="0.011" /><testcase classname="tests.test_adversarial_statistics" name="test_mutual_information_permutation_baseline_separates_causal_from_shuffled" time="0.015" /><testcase classname="tests.test_adversarial_statistics" name="test_steering_ab_requires_rich_adversarial_prompt_control" time="0.011" /><testcase classname="tests.test_affect_behavioral.TestAffectOscillationDetector" name="test_oscillation_dampens_momentum" time="0.009" /><testcase classname="tests.test_affect_behavioral.TestAffectOscillationDetector" name="test_oscillation_recovery" time="0.008" /><testcase classname="tests.test_affect_behavioral.TestPinnedValenceWatchdog" name="test_pinned_valence_resets" time="0.011" /><testcase classname="tests.test_affect_behavioral.TestQualiaCache" name="test_meta_qualia_caches_per_tick" time="0.005" /><testcase classname="tests.test_affect_behavioral.TestQualiaCache" name="test_meta_qualia_cache_invalidates" time="0.005" /><testcase classname="tests.test_affect_behavioral.TestQualiaEcho" name="test_qualia_echo_amplifies_dominant" time="0.007" /><testcase classname="tests.test_affect_behavioral.TestQualiaEcho" name="test_qualia_echo_trend" time="0.006" /><testcase classname="tests.test_affect_update_runtime" name="test_affect_feedback_rewards_successful_self_disclosure_turn" time="0.005" /><testcase classname="tests.test_affect_update_runtime" name="test_affect_feedback_registers_prompt_fishing_as_social_friction" time="0.005" /><testcase classname="tests.test_affect_update_runtime" name="test_affect_system_pressures_register_unified_failure_load" time="0.006" /><testcase classname="tests.test_affect_update_runtime" name="test_affect_system_pressures_register_continuity_reentry_burden" time="0.004" /><testcase classname="tests.test_agency_comparator" name="test_efference_emission" time="0.004" /><testcase classname="tests.test_agency_comparator" name="test_compare_good_match_high_agency" time="0.004" /><testcase classname="tests.test_agency_comparator" name="test_compare_bad_match_low_agency" time="0.004" /><testcase classname="tests.test_agency_comparator" name="test_compare_no_efference_low_confidence" time="0.005" /><testcase classname="tests.test_agency_comparator" name="test_agency_score_neutral_when_empty" time="0.004" /><testcase classname="tests.test_agency_comparator" name="test_agency_score_reflects_traces" time="0.005" /><testcase classname="tests.test_agency_comparator" name="test_recent_traces_limit" time="0.004" /><testcase classname="tests.test_agency_comparator" name="test_ring_buffer_maxlen" time="0.004" /><testcase classname="tests.test_agency_comparator" name="test_context_block_empty_when_no_traces" time="0.004" /><testcase classname="tests.test_agency_comparator" name="test_context_block_populated" time="0.004" /><testcase classname="tests.test_agency_comparator" name="test_get_status" time="0.004" /><testcase classname="tests.test_agency_comparator" name="test_stale_efference_pruning" time="0.004" /><testcase classname="tests.test_agency_comparator" name="test_singleton" time="0.004" /><testcase classname="tests.test_agency_comparator" name="test_direct_efference_compare" time="0.004" /><testcase classname="tests.test_agency_comparator" name="test_authorship_trace_dataclass" time="0.004" /><testcase classname="tests.test_agent_workspace_integrations" name="test_markdown_workspace_commits_search_and_revert" time="0.006" /><testcase classname="tests.test_agent_workspace_integrations" name="test_markdown_workspace_nonblocking_conflict_merge" time="0.007" /><testcase classname="tests.test_agent_workspace_integrations" name="test_markdown_workspace_permissions" time="0.006" /><testcase classname="tests.test_agent_workspace_integrations" name="test_aura_workspace_gates_writes_and_commits_receipted_artifacts" time="0.006" /><testcase classname="tests.test_agent_workspace_integrations" name="test_aura_workspace_accepts_directory_scoped_capability_for_video_evidence" time="0.007" /><testcase classname="tests.test_agent_workspace_integrations" name="test_temporal_atlas_expands_marks_dead_and_tracks_evidence" time="0.005" /><testcase classname="tests.test_agent_workspace_integrations" name="test_simulation_well_plans_and_streams_local_records" time="0.005" /><testcase classname="tests.test_agent_workspace_integrations" name="test_agent_workspace_is_architecture_manifest_role" time="0.004" /><testcase classname="tests.test_agent_workspace_integrations" name="test_agent_workspace_activation_spec_is_required_and_autostarted" time="0.004" /><testcase classname="tests.test_alife_systems.TestCriticalityRegulator" name="test_instantiation" time="0.005" /><testcase classname="tests.test_alife_systems.TestCriticalityRegulator" name="test_tick_with_random_data" time="0.004" /><testcase classname="tests.test_alife_systems.TestCriticalityRegulator" name="test_branching_ratio_is_finite" time="0.007" /><testcase classname="tests.test_alife_systems.TestCriticalityRegulator" name="test_adjustments_bounded" time="0.007" /><testcase classname="tests.test_alife_systems.TestCriticalityRegulator" name="test_criticality_score_bounded" time="0.007" /><testcase classname="tests.test_alife_systems.TestALifeDynamics" name="test_instantiation" time="0.006" /><testcase classname="tests.test_alife_systems.TestALifeDynamics" name="test_tick_produces_state" time="0.005" /><testcase classname="tests.test_alife_systems.TestALifeDynamics" name="test_entropy_tracking" time="0.005" /><testcase classname="tests.test_alife_systems.TestALifeDynamics" name="test_compute_credits_shape" time="0.005" /><testcase classname="tests.test_alife_systems.TestALifeDynamics" name="test_kernel_params_accessible" time="0.004" /><testcase classname="tests.test_alife_systems.TestALifeExtensions" name="test_instantiation" time="0.005" /><testcase classname="tests.test_alife_systems.TestALifeExtensions" name="test_toroidal_distance" time="0.005" /><testcase classname="tests.test_alife_systems.TestALifeExtensions" name="test_tick_with_mesh_state" time="0.005" /><testcase classname="tests.test_alife_systems.TestEndogenousFitness" name="test_instantiation" time="0.006" /><testcase classname="tests.test_alife_systems.TestEndogenousFitness" name="test_behavioral_genome_shape" time="0.004" /><testcase classname="tests.test_alife_systems.TestEndogenousFitness" name="test_mutation_changes_genome" time="0.004" /><testcase classname="tests.test_alife_systems.TestEndogenousFitness" name="test_mutation_preserves_bounds" time="0.004" /><testcase classname="tests.test_alife_systems.TestALifeIntegration" name="test_integration_phase_has_alife_references" time="0.005" /><testcase classname="tests.test_alife_systems.TestALifeIntegration" name="test_boot_initializer_includes_alife_services" time="0.004" /><testcase classname="tests.test_architecture_hardening" name="test_serialized_db_writer_keeps_db_paths_isolated" time="0.229" /><testcase classname="tests.test_architecture_hardening" name="test_goal_belief_manager_dedupes_normalized_goal_content" time="0.006" /><testcase classname="tests.test_architecture_hardening" name="test_service_container_sovereignty_seal_detects_manifest_drift" time="0.007" /><testcase classname="tests.test_architecture_hardening" name="test_executive_core_tracks_and_completes_tool_intents" time="0.007" /><testcase classname="tests.test_architecture_hardening" name="test_executive_core_convenience_tool_approval_does_not_leak_active_intents" time="0.006" /><testcase classname="tests.test_architecture_hardening" name="test_compact_skill_result_payload_preserves_clock_fields" time="0.005" /><testcase classname="tests.test_architecture_hardening" name="test_godmode_normalizes_memory_ops_params" time="0.005" /><testcase classname="tests.test_architecture_hardening" name="test_capability_engine_preserves_top_level_fields_when_unwrapping_nested_params" time="0.005" /><testcase classname="tests.test_architecture_hardening" name="test_capability_engine_detects_memory_ops_for_future_session_requests" time="0.063" /><testcase classname="tests.test_architecture_hardening" name="test_capability_engine_detects_memory_ops_for_common_remember_typo" time="0.053" /><testcase classname="tests.test_architecture_hardening" name="test_substrate_authority_constrains_user_memory_write_during_cortisol_crisis" time="0.005" /><testcase classname="tests.test_architecture_hardening" name="test_substrate_authority_still_blocks_autonomous_memory_write_during_cortisol_crisis" time="0.006" /><testcase classname="tests.test_architecture_hardening" name="test_capability_engine_prefers_clock_for_time_queries" time="0.053" /><testcase classname="tests.test_architecture_hardening" name="test_capability_engine_detects_terminal_exec_prefix" time="0.052" /><testcase classname="tests.test_architecture_hardening" name="test_capability_engine_prefers_manifest_to_device_for_save_to_desktop_url" time="0.053" /><testcase classname="tests.test_architecture_hardening" name="test_capability_engine_detects_research_about_as_web_search" time="0.052" /><testcase classname="tests.test_architecture_hardening" name="test_social_imagination_links_private_trouble_to_public_issue" time="0.006" /><testcase classname="tests.test_architecture_hardening" name="test_social_imagination_can_relate_abstract_topics_personally" time="0.005" /><testcase classname="tests.test_architecture_hardening" name="test_social_imagination_holds_positive_feelings_as_socially_shaped" time="0.005" /><testcase classname="tests.test_architecture_hardening" name="test_terminal_fallback_drops_autonomous_message_when_executive_rejects" time="0.005" /><testcase classname="tests.test_architecture_hardening" name="test_terminal_fallback_keeps_autonomous_message_when_executive_approves" time="0.005" /><testcase classname="tests.test_architecture_hardening" name="test_terminal_fallback_suppresses_when_executive_unavailable_in_live_runtime" time="0.005" /><testcase classname="tests.test_architecture_hardening" name="test_enqueue_message_blocks_unapproved_background_injection" time="0.014" /><testcase classname="tests.test_architecture_hardening" name="test_late_causal_service_registration_after_lock_is_reported" time="0.005" /><testcase classname="tests.test_architecture_hardening" name="test_output_gate_reroutes_unauthorized_autonomous_primary_output" time="0.011" /><testcase classname="tests.test_architecture_hardening" name="test_output_gate_tracks_renderer_tasks_without_leaking" time="0.022" /><testcase classname="tests.test_architecture_hardening" name="test_proactive_manager_suppresses_legacy_fallback_when_constitutional_runtime_live" time="0.010" /><testcase classname="tests.test_architecture_hardening" name="test_continuous_perception_blocks_unapproved_autonomous_injection" time="0.006" /><testcase classname="tests.test_architecture_hardening" name="test_process_unprompted_stimulus_blocks_when_constitution_rejects" time="0.018" /><testcase classname="tests.test_architecture_hardening" name="test_handle_impulse_blocks_when_constitution_rejects" time="0.017" /><testcase classname="tests.test_architecture_hardening" name="test_autonomous_initiative_loop_defers_when_identity_continuity_mismatch" time="0.006" /><testcase classname="tests.test_architecture_hardening" name="test_autonomous_initiative_loop_blocks_unapproved_browser_research" time="0.005" /><testcase classname="tests.test_architecture_hardening" name="test_autonomous_initiative_loop_reports_missing_research_tool" time="0.005" /><testcase classname="tests.test_architecture_hardening" name="test_identity_service_blocks_unapproved_insight_write" time="0.005" /><testcase classname="tests.test_architecture_hardening" name="test_service_container_blocks_protected_overwrite_after_lock" time="0.005" /><testcase classname="tests.test_architecture_hardening" name="test_legacy_phase_is_quarantined_from_foreground_ticks" time="0.005" /><testcase classname="tests.test_architecture_hardening" name="test_belief_graph_blocks_unapproved_belief_write" time="0.005" /><testcase classname="tests.test_architecture_hardening" name="test_executive_closure_suppresses_direct_self_model_sync_when_runtime_live" time="0.005" /><testcase classname="tests.test_architecture_hardening" name="test_autonomous_initiative_loop_blocks_when_identity_continuity_mismatch" time="0.005" /><testcase classname="tests.test_architecture_hardening" name="test_autonomous_initiative_loop_defers_when_continuity_reentry_is_active" time="0.004" /><testcase classname="tests.test_architecture_hardening" name="test_goal_hierarchy_blocks_unapproved_goal_add" time="0.005" /><testcase classname="tests.test_architecture_hardening" name="test_agency_core_blocks_unapproved_pending_goal" time="0.005" /><testcase classname="tests.test_architecture_hardening" name="test_orchestrator_execute_tool_blocks_when_constitutional_gate_unavailable" time="0.018" /><testcase classname="tests.test_architecture_hardening" name="test_orchestrator_execute_tool_blocks_when_capability_token_missing" time="0.018" /><testcase classname="tests.test_architecture_hardening" name="test_orchestrator_execute_tool_infers_user_origin_from_current_state" time="0.020" /><testcase classname="tests.test_architecture_hardening" name="test_knowledge_graph_blocks_memory_write_when_constitutional_gate_rejects" time="0.006" /><testcase classname="tests.test_architecture_hardening" name="test_memory_facade_commit_interaction_blocks_when_constitutional_gate_rejects" time="0.005" /><testcase classname="tests.test_architecture_hardening" name="test_long_term_memory_store_blocks_when_constitutional_gate_rejects" time="0.005" /><testcase classname="tests.test_architecture_hardening" name="test_acg_blocks_memory_write_when_constitutional_gate_rejects" time="0.005" /><testcase classname="tests.test_architecture_hardening" name="test_agency_pulse_blocks_unapproved_autonomous_action" time="0.016" /><testcase classname="tests.test_architecture_hardening" name="test_capability_engine_blocks_when_executive_gate_unavailable" time="0.009" /><testcase classname="tests.test_architecture_hardening" name="test_kernel_load_initial_state_accepts_lightweight_vault" time="0.006" /><testcase classname="tests.test_architecture_hardening" name="test_kernel_clears_completed_foreground_turn_state" time="0.009" /><testcase classname="tests.test_attention_summarizer.TestAttentionSummarizer" name="test_summarization_flow" time="0.214" /><testcase classname="tests.test_audit_chain" name="test_canonical_json_is_deterministic" time="0.007" /><testcase classname="tests.test_audit_chain" name="test_hash_receipt_body_is_stable" time="0.006" /><testcase classname="tests.test_audit_chain" name="test_compute_entry_hash_changes_with_any_field" time="0.006" /><testcase classname="tests.test_audit_chain" name="test_emit_appends_one_entry_per_receipt" time="0.008" /><testcase classname="tests.test_audit_chain" name="test_chain_head_advances_monotonically" time="0.007" /><testcase classname="tests.test_audit_chain" name="test_chain_persists_across_restart" time="0.007" /><testcase classname="tests.test_audit_chain" name="test_detects_modified_receipt_body" time="0.007" /><testcase classname="tests.test_audit_chain" name="test_detects_modified_chain_entry" time="0.007" /><testcase classname="tests.test_audit_chain" name="test
[...]
ocial_integration.TestFullBaselineMatrix" name="test_no_baseline_passes_full_tier4" time="0.004" /><testcase classname="tests.test_tier4_unification.TestInitiativeSynthesizer" name="test_submit_impulse" time="0.004" /><testcase classname="tests.test_tier4_unification.TestInitiativeSynthesizer" name="test_dedup_identical_impulses" time="0.004" /><testcase classname="tests.test_tier4_unification.TestInitiativeSynthesizer" name="test_different_impulses_accepted" time="0.004" /><testcase classname="tests.test_tier4_unification.TestInitiativeSynthesizer" name="test_queue_cap" time="0.004" /><testcase classname="tests.test_tier4_unification.TestInitiativeSynthesizer" name="test_impulse_fingerprint" time="0.004" /><testcase classname="tests.test_tier4_unification.TestInitiativeSynthesizer" name="test_status" time="0.004" /><testcase classname="tests.test_tier4_unification.TestWorldState" name="test_creation" time="0.004" /><testcase classname="tests.test_tier4_unification.TestWorldState" name="test_user_message_tracking" time="0.004" /><testcase classname="tests.test_tier4_unification.TestWorldState" name="test_user_error_tracking" time="0.004" /><testcase classname="tests.test_tier4_unification.TestWorldState" name="test_beliefs" time="0.004" /><testcase classname="tests.test_tier4_unification.TestWorldState" name="test_belief_expiration" time="0.030" /><testcase classname="tests.test_tier4_unification.TestWorldState" name="test_event_dedup" time="0.004" /><testcase classname="tests.test_tier4_unification.TestWorldState" name="test_context_summary" time="0.005" /><testcase classname="tests.test_tier4_unification.TestWorldState" name="test_status" time="0.004" /><testcase classname="tests.test_tier4_unification.TestWorldState" name="test_salient_events_sorted_by_salience" time="0.004" /><testcase classname="tests.test_tier4_unification.TestDriveEngineCrossCoupling" name="test_drive_vector" time="0.004" /><testcase classname="tests.test_tier4_unification.TestDriveEngineCrossCoupling" name="test_arbiter_weight_modifiers_normal" time="0.004" /><testcase classname="tests.test_tier4_unification.TestDriveEngineCrossCoupling" name="test_arbiter_weight_modifiers_low_energy" time="0.004" /><testcase classname="tests.test_tier4_unification.TestDriveEngineCrossCoupling" name="test_arbiter_weight_modifiers_low_social" time="0.004" /><testcase classname="tests.test_tier4_unification.TestDriveEngineCrossCoupling" name="test_arbiter_weight_modifiers_low_curiosity" time="0.004" /><testcase classname="tests.test_tier4_unification.TestInternalSimulator" name="test_evaluate_with_identity" time="0.004" /><testcase classname="tests.test_tier4_unification.TestInternalSimulator" name="test_evaluate_identity_violation" time="0.004" /><testcase classname="tests.test_tier4_unification.TestInternalSimulator" name="test_commitment_compatibility" time="0.004" /><testcase classname="tests.test_tier4_unification.TestInternalSimulator" name="test_evaluate_candidates" time="0.005" /><testcase classname="tests.test_tier4_unification.TestOutputGateWillEnforcement" name="test_will_referenced_in_output_gate" time="0.007" /><testcase classname="tests.test_tier4_unification.TestTier4Integration" name="test_all_tier4_modules_importable" time="0.004" /><testcase classname="tests.test_tier4_unification.TestTier4Integration" name="test_will_wired_in_output_gate" time="0.005" /><testcase classname="tests.test_tier4_unification.TestTier4Integration" name="test_world_state_wired_in_incoming_logic" time="0.011" /><testcase classname="tests.test_tier4_unification.TestTier4Integration" name="test_drive_satisfaction_wired_in_incoming_logic" time="0.011" /><testcase classname="tests.test_tier4_unification.TestTier4Integration" name="test_boot_wires_tier4_systems" time="0.009" /><testcase classname="tests.test_tier4_unification.TestTier4Integration" name="test_proof_surface_endpoint_exists" time="0.004" /><testcase classname="tests.test_tier4_unification.TestTier4Integration" name="test_mind_tick_updates_world_state" time="0.010" /><testcase classname="tests.test_time_resilience.TestTimeResilience" name="test_orchestrator_stall_detection_resilience" time="0.007" /><testcase classname="tests.test_time_resilience.TestTimeResilience" name="test_watchdog_heartbeat_resilience" time="0.005" /><testcase classname="tests.test_time_resilience.TestTimeResilience" name="test_watchdog_start_uses_task_tracker_ownership" time="0.006" /><testcase classname="tests.test_token_sentinel" name="test_generic_assistant_preamble_warns_without_aborting" time="0.004" /><testcase classname="tests.test_token_sentinel" name="test_identity_disclaimer_warns_without_refusal_fallback" time="0.004" /><testcase classname="tests.test_token_sentinel" name="test_explicit_tax_role_adoption_still_aborts" time="0.004" /><testcase classname="tests.test_tool_result_contracts" name="test_compact_result_payload_preserves_task_tracking_fields" time="0.004" /><testcase classname="tests.test_tool_result_contracts" name="test_compact_result_payload_preserves_execution_loop_signals" time="0.004" /><testcase classname="tests.test_trust_engine_notifications" name="test_establish_sovereign_session_can_be_silent" time="0.005" /><testcase classname="tests.test_trust_engine_notifications" name="test_sovereign_cheat_code_emits_single_message" time="0.004" /><testcase classname="tests.test_ui_accessibility_contract" name="test_shell_exposes_neural_pause_and_text_size_accessibility_controls" time="0.005" /><testcase classname="tests.test_ui_bootstrap_contract" name="test_tool_catalog_exposes_rich_metadata" time="0.004" /><testcase classname="tests.test_ui_bootstrap_contract" name="test_tool_catalog_activates_registered_enabled_skills_by_default" time="0.004" /><testcase classname="tests.test_ui_bootstrap_contract" name="test_tool_affordance_block_prioritizes_relevant_tools_for_turn" time="0.004" /><testcase classname="tests.test_ui_bootstrap_contract" name="test_ui_bootstrap_returns_state_and_tool_catalog" time="0.010" /><testcase classname="tests.test_unified_will.TestAllDomains" name="test_every_domain_produces_decision[response]" time="0.004" /><testcase classname="tests.test_unified_will.TestAllDomains" name="test_every_domain_produces_decision[tool_execution]" time="0.004" /><testcase classname="tests.test_unified_will.TestAllDomains" name="test_every_domain_produces_decision[memory_write]" time="0.005" /><testcase classname="tests.test_unified_will.TestAllDomains" name="test_every_domain_produces_decision[initiative]" time="0.004" /><testcase classname="tests.test_unified_will.TestAllDomains" name="test_every_domain_produces_decision[state_mutation]" time="0.004" /><testcase classname="tests.test_unified_will.TestAllDomains" name="test_every_domain_produces_decision[expression]" time="0.004" /><testcase classname="tests.test_unified_will.TestAllDomains" name="test_every_domain_produces_decision[exploration]" time="0.005" /><testcase classname="tests.test_unified_will.TestAllDomains" name="test_every_domain_produces_decision[stabilization]" time="0.004" /><testcase classname="tests.test_unified_will.TestAllDomains" name="test_every_domain_produces_decision[reflection]" time="0.004" /><testcase classname="tests.test_unified_will.TestAllDomains" name="test_every_domain_produces_decision[semantic_weight_update]" time="0.004" /><testcase classname="tests.test_unified_will.TestAllDomains" name="test_response_domain_almost_always_proceeds" time="0.004" /><testcase classname="tests.test_unified_will.TestAllDomains" name="test_initiative_low_priority_deferred" time="0.004" /><testcase classname="tests.test_unified_will.TestIdentityIntegration" name="test_identity_violation_blocks" time="0.004" /><testcase classname="tests.test_unified_will.TestIdentityIntegration" name="test_normal_content_passes_identity" time="0.004" /><testcase classname="tests.test_unified_will.TestIdentityIntegration" name="test_identity_refresh_happens" time="0.005" /><testcase classname="tests.test_unified_will.TestAffectIntegration" name="test_negative_affect_blocks_exploration" time="0.005" /><testcase classname="tests.test_unified_will.TestAffectIntegration" name="test_positive_affect_allows_exploration" time="0.005" /><testcase classname="tests.test_unified_will.TestSubstrateIntegration" name="test_low_coherence_blocks_non_critical" time="0.005" /><testcase classname="tests.test_unified_will.TestSubstrateIntegration" name="test_low_coherence_allows_stabilization" time="0.004" /><testcase classname="tests.test_unified_will.TestSubstrateIntegration" name="test_somatic_veto_blocks" time="0.005" /><testcase classname="tests.test_unified_will.TestCriticalOverride" name="test_critical_always_passes" time="0.005" /><testcase classname="tests.test_unified_will.TestCriticalOverride" name="test_critical_counted_separately" time="0.004" /><testcase classname="tests.test_unified_will.TestAuditTrail" name="test_decisions_recorded" time="0.004" /><testcase classname="tests.test_unified_will.TestAuditTrail" name="test_receipt_verification" time="0.004" /><testcase classname="tests.test_unified_will.TestAuditTrail" name="test_get_recent_decisions" time="0.004" /><testcase classname="tests.test_unified_will.TestAuditTrail" name="test_provenance_fields_complete" time="0.004" /><testcase classname="tests.test_unified_will.TestDegradation" name="test_no_services_still_works" time="0.005" /><testcase classname="tests.test_unified_will.TestDegradation" name="test_status_always_available" time="0.005" /><testcase classname="tests.test_unified_will.TestSingleton" name="test_singleton" time="0.005" /><testcase classname="tests.test_unified_will.TestWillState" name="test_assertiveness_adapts" time="0.005" /><testcase classname="tests.test_unified_will.TestWillState" name="test_counters_track" time="0.005" /><testcase classname="tests.test_unified_will.TestWiringVerification" name="test_will_imported_in_incoming_logic" time="0.012" /><testcase classname="tests.test_unified_will.TestWiringVerification" name="test_will_imported_in_tool_execution" time="0.008" /><testcase classname="tests.test_unified_will.TestWiringVerification" name="test_will_imported_in_autonomy" time="0.010" /><testcase classname="tests.test_unified_will.TestWiringVerification" name="test_will_imported_in_response_processing" time="0.009" /><testcase classname="tests.test_unified_will.TestWiringVerification" name="test_will_imported_in_volition" time="0.007" /><testcase classname="tests.test_unified_will.TestWiringVerification" name="test_will_in_consciousness_bridge" time="0.009" /><testcase classname="tests.test_unified_will.TestActionCoverage" name="test_response_path" time="0.004" /><testcase classname="tests.test_unified_will.TestActionCoverage" name="test_tool_path" time="0.004" /><testcase classname="tests.test_unified_will.TestActionCoverage" name="test_memory_path" time="0.004" /><testcase classname="tests.test_unified_will.TestActionCoverage" name="test_initiative_path" time="0.004" /><testcase classname="tests.test_unified_will.TestActionCoverage" name="test_state_mutation_path" time="0.004" /><testcase classname="tests.test_unified_will.TestActionCoverage" name="test_expression_path" time="0.004" /><testcase classname="tests.test_unified_will.TestActionCoverage" name="test_exploration_path" time="0.004" /><testcase classname="tests.test_unified_will.TestActionCoverage" name="test_stabilization_path" time="0.004" /><testcase classname="tests.test_unified_will.TestActionCoverage" name="test_reflection_path" time="0.004" /><testcase classname="tests.test_unknown_generator" name="test_novelty_archive_validates_threshold" time="0.004" /><testcase classname="tests.test_unknown_generator" name="test_empty_archive_treats_first_text_as_novel" time="0.004" /><testcase classname="tests.test_unknown_generator" name="test_duplicate_text_is_not_novel" time="0.004" /><testcase classname="tests.test_unknown_generator" name="test_distant_text_is_novel" time="0.004" /><testcase classname="tests.test_unknown_generator" name="test_empty_string_is_rejected" time="0.004" /><testcase classname="tests.test_unknown_generator" name="test_reset_clears_archive" time="0.004" /><testcase classname="tests.test_unknown_generator" name="test_generator_with_no_seed_tasks_returns_empty" time="0.004" /><testcase classname="tests.test_unknown_generator" name="test_generator_n_zero_returns_empty" time="0.004" /><testcase classname="tests.test_unknown_generator" name="test_generator_produces_n_novel_tasks" time="0.008" /><testcase classname="tests.test_unknown_generator" name="test_generated_tasks_carry_parent_hash" time="0.005" /><testcase classname="tests.test_unknown_generator" name="test_generated_gcd_answers_are_correct" time="0.006" /><testcase classname="tests.test_unknown_generator" name="test_generated_sort_answers_are_correct" time="0.033" /><testcase classname="tests.test_unknown_generator" name="test_generated_compose_answers_are_correct" time="0.026" /><testcase classname="tests.test_unknown_generator" name="test_generator_archive_dedupes_across_calls" time="0.046" /><testcase classname="tests.test_unknown_generator" name="test_entropy_probe_validates_inputs" time="0.004" /><testcase classname="tests.test_unknown_generator" name="test_entropy_probe_returns_correct_shape" time="0.009" /><testcase classname="tests.test_unknown_generator" name="test_entropy_probe_perturbation_within_epsilon_ball" time="0.009" /><testcase classname="tests.test_unknown_generator" name="test_entropy_probe_can_only_increase_entropy" time="0.012" /><testcase classname="tests.test_unknown_generator" name="test_entropy_probe_rejects_non_2d_input" time="0.005" /><testcase classname="tests.test_v30_dispatch.TestV30Dispatch" name="test_normal_autonomous_redirection" time="0.007" /><testcase classname="tests.test_v30_dispatch.TestV30Dispatch" name="test_spontaneous_bypass" time="0.026" /><testcase classname="tests.test_v30_opinions.TestV30Opinions" name="test_opinion_normalization_and_query" time="0.006" /><testcase classname="tests.test_v40_resilience_verification.TestResilienceEngine" name="test_decay" time="0.005" /><testcase classname="tests.test_v40_resilience_verification.TestResilienceEngine" name="test_effort_modulation" time="0.005" /><testcase classname="tests.test_v40_resilience_verification.TestResilienceEngine" name="test_failure_accumulation" time="0.006" /><testcase classname="tests.test_v40_resilience_verification.TestResilienceEngine" name="test_success_recovery" time="0.005" /><testcase classname="tests.test_validation_hardening" name="test_paraconsistent_detects_semantic_antonym_contradiction" time="0.007" /><testcase classname="tests.test_validation_hardening" name="test_paraconsistent_detects_should_not_stance_contradiction" time="0.005" /><testcase classname="tests.test_validation_hardening" name="test_vision_metadata_labels_signal_as_rough_indicator" time="0.004" /><testcase classname="tests.test_validation_hardening" name="test_prompt_guidance_warns_camera_is_not_emotional_certainty" time="0.004" /><testcase classname="tests.test_validation_hardening" name="test_affective_steering_vector_provenance_metadata" time="0.006" /><testcase classname="tests.test_version" name="test_constants" time="0.005" /><testcase classname="tests.test_version" name="test_version_string" time="0.005" /><testcase classname="tests.test_version" name="test_comparisons" time="0.004" /><testcase classname="tests.test_volition" name="test_init" time="0.006" /><testcase classname="tests.test_volition" name="test_tick_skip_not_running" time="0.005" /><testcase classname="tests.test_volition" name="test_tick_skip_has_goal" time="0.005" /><testcase classname="tests.test_volition" name="test_search_for_autonomous_goals_boredom" time="0.006" /><testcase classname="tests.test_volition" name="test_generate_duty_goal_strategic" time="0.005" /><testcase classname="tests.test_volition" name="test_notify_activity" time="0.005" /><testcase classname="tests.test_volition" name="test_check_soul_drives_connection" time="0.006" /><testcase classname="tests.test_volition" name="test_check_soul_drives_connection_silenced" time="0.005" /><testcase classname="tests.test_volition" name="test_load_interests_empty" time="0.005" /><testcase classname="tests.test_volition" name="test_generate_impulse" time="0.005" /><testcase classname="tests.test_volition" name="test_generate_impulse_silenced" time="0.005" /><testcase classname="tests.test_volition" name="test_generate_duty_goal_fallback" time="0.006" /><testcase classname="tests.test_volition" name="test_generate_reflection_goal" time="0.005" /><testcase classname="tests.test_volition" name="test_generate_curiosity_goal_educational" time="0.006" /><testcase classname="tests.test_volition" name="test_generate_curiosity_goal_fun" time="0.005" /><testcase classname="tests.test_volition" name="test_check_soul_drives_competence" time="0.005" /><testcase classname="tests.test_volition" name="test_check_soul_drives_curiosity" time="0.005" /><testcase classname="tests.test_volition" name="test_scan_roadmap" time="0.005" /><testcase classname="tests.test_volition" name="test_check_roadmap" time="0.005" /><testcase classname="tests.test_volition" name="test_select_and_parse_goal" time="0.005" /><testcase classname="tests.test_wal_durability" name="test_wal_durability" time="0.167" /><testcase classname="tests.test_web_search_research_pipeline" name="test_search_pipeline_reuses_fresh_retained_artifact" time="0.007" /><testcase classname="tests.test_web_search_research_pipeline" name="test_search_pipeline_cached_artifact_reports_retained_when_requested" time="0.006" /><testcase classname="tests.test_web_search_research_pipeline" name="test_search_pipeline_retains_successful_search" time="0.006" /><testcase classname="tests.test_web_search_research_pipeline" name="test_search_pipeline_skips_ddgs_when_runtime_disables_it" time="0.005" /><testcase classname="tests.test_web_search_research_pipeline" name="test_research_cycle_integrates_findings_into_semantic_memory" time="0.006" /><testcase classname="tests.test_will_gate_for_plastic_updates" name="test_will_proceed_allows_plastic_update" time="0.011" /><testcase classname="tests.test_will_gate_for_plastic_updates" name="test_will_refuse_blocks_plastic_update" time="0.010" /><testcase classname="tests.test_will_gate_for_plastic_updates" name="test_will_defer_blocks_update" time="0.010" /><testcase classname="tests.test_will_gate_for_plastic_updates" name="test_will_constrain_treated_as_block" time="0.009" /><testcase classname="tests.test_will_gate_for_plastic_updates" name="test_will_proceed_but_governor_blocks_low_vitality" time="0.009" /><testcase classname="tests.test_will_gate_for_plastic_updates" name="test_will_decide_raising_blocks_update" time="0.009" /><testcase classname="tests.test_will_gate_for_plastic_updates" name="test_no_will_decide_fn_uses_governor_only" time="0.009" /><testcase classname="tests.test_will_gate_for_plastic_updates" name="test_receipt_carries_will_receipt_id" time="0.009" /><testcase classname="tests.test_will_gate_for_plastic_updates" name="test_receipt_records_blocked_state_when_will_refuses" time="0.009" /><testcase classname="tests.test_world_model_active" name="test_active_surprise" time="0.000"><skipped type="pytest.skip" message="leaky live orchestrator harness; covered by deterministic world-model/unit boot tests">/Users/bryan/.aura/live-source/tests/test_world_model_active.py:19: leaky live orchestrator harness; covered by deterministic world-model/unit boot tests</skipped></testcase><testcase classname="tests.test_worldstate_game" name="test_worldstate_game_coverage" time="0.004" /><testcase classname="tests.topology.test_behavioral_consequence" name="test_bridge_responds_to_substrate_change" time="0.004" /><testcase classname="tests.topology.test_behavioral_consequence" name="test_bridge_caps_max_tokens_to_request" time="0.013" /></testsuite></testsuites>