<?xml version="1.0" encoding="utf-8"?><testsuites name="pytest tests"><testsuite name="pytest" errors="0" failures="0" skipped="0" tests="5" time="3.147" timestamp="2026-05-05T13:49:04.415134-07:00" hostname="Bryans-MacBook-Pro-2.local"><testcase classname="tests.test_recurrent_depth" name="test_self_test_cache_snapshot_passes_on_installed_mlx_lm" time="3.087" /><testcase classname="tests.test_recurrent_depth" name="test_snapshot_fails_loud_on_unsupported_cache" time="0.006" /><testcase classname="tests.test_recurrent_depth" name="test_lane_defaults_cover_real_model_sizes" time="0.006" /><testcase classname="tests.test_recurrent_depth" name="test_resolve_loops_honors_72b_lane_override" time="0.006" /><testcase classname="tests.test_recurrent_depth" name="test_restore_rewinds_mlx_cache" time="0.005" /></testsuite></testsuites>