<?xml version="1.0" encoding="utf-8"?><testsuites name="pytest tests"><testsuite name="pytest" errors="0" failures="0" skipped="0" tests="10" time="2.540" timestamp="2026-05-05T14:07:36.235753-07:00" hostname="Bryans-MacBook-Pro-2.local"><testcase classname="tests.test_consciousness_expansion_gauntlet" name="test_gauntlet_hierarchical_phi_under_load" time="0.929" /><testcase classname="tests.test_consciousness_expansion_gauntlet" name="test_gauntlet_hemispheric_severance_and_restore_cycle" time="0.018" /><testcase classname="tests.test_consciousness_expansion_gauntlet" name="test_gauntlet_minimal_selfhood_reaches_dugesia_and_biases_toward_rest" time="0.005" /><testcase classname="tests.test_consciousness_expansion_gauntlet" name="test_gauntlet_tom_observer_effect_drives_bias_change" time="0.005" /><testcase classname="tests.test_consciousness_expansion_gauntlet" name="test_gauntlet_octopus_severance_and_recovery" time="0.014" /><testcase classname="tests.test_consciousness_expansion_gauntlet" name="test_gauntlet_cellular_turnover_preserves_identity_under_25pct_burst" time="0.012" /><testcase classname="tests.test_consciousness_expansion_gauntlet" name="test_gauntlet_absorbed_voices_attribution_multi_voice" time="0.005" /><testcase classname="tests.test_consciousness_expansion_gauntlet" name="test_gauntlet_unified_bias_composes_all_three_sources" time="0.005" /><testcase classname="tests.test_consciousness_expansion_gauntlet" name="test_gauntlet_biases_remain_bounded_across_many_iterations" time="0.034" /><testcase classname="tests.test_consciousness_expansion_gauntlet" name="test_gauntlet_combined_latency_budget" time="0.009" /></testsuite></testsuites>